# JRE version: Java(TM) SE Runtime Environment (7.0_51-b13) (build 1.7.0_51-b13)
# Java VM: Java HotSpot(TM) 64-Bit Server VM (24.51-b03 mixed mode linux-amd64 compressed oops)
Heap
 PSYoungGen      total 167936K, used 13799K [0x00000000f0000000, 0x00000000fb180000, 0x0000000100000000)
  eden space 154112K, 0% used [0x00000000f0000000,0x00000000f0000000,0x00000000f9680000)
  from space 13824K, 99% used [0x00000000f9680000,0x00000000fa3f9d18,0x00000000fa400000)
  to   space 13824K, 0% used [0x00000000fa400000,0x00000000fa400000,0x00000000fb180000)
 ParOldGen       total 82944K, used 82846K [0x00000000d0000000, 0x00000000d5100000, 0x00000000f0000000)
  object space 82944K, 99% used [0x00000000d0000000,0x00000000d50e7a60,0x00000000d5100000)
 PSPermGen       total 48128K, used 48105K [0x00000000b8000000, 0x00000000baf00000, 0x00000000d0000000)
  object space 48128K, 99% used [0x00000000b8000000,0x00000000baefa6a0,0x00000000baf00000)
GC Heap History (10 events):
Event: 13,815 GC heap after
Heap after GC invocations=8 (full 0):
 PSYoungGen      total 69120K, used 6917K [0x00000000f0000000, 0x00000000f4c00000, 0x0000000100000000)
  eden space 60416K, 0% used [0x00000000f0000000,0x00000000f0000000,0x00000000f3b00000)
  from space 8704K, 79% used [0x00000000f4380000,0x00000000f4a41460,0x00000000f4c00000)
  to   space 8704K, 0% used [0x00000000f3b00000,0x00000000f3b00000,0x00000000f4380000)
 ParOldGen       total 79872K, used 13136K [0x00000000d0000000, 0x00000000d4e00000, 0x00000000f0000000)
  object space 79872K, 16% used [0x00000000d0000000,0x00000000d0cd4358,0x00000000d4e00000)
 PSPermGen       total 29184K, used 29064K [0x00000000b8000000, 0x00000000b9c80000, 0x00000000d0000000)
  object space 29184K, 99% used [0x00000000b8000000,0x00000000b9c62020,0x00000000b9c80000)
}
Event: 14,237 GC heap before
{Heap before GC invocations=9 (full 0):
 PSYoungGen      total 69120K, used 67333K [0x00000000f0000000, 0x00000000f4c00000, 0x0000000100000000)
  eden space 60416K, 100% used [0x00000000f0000000,0x00000000f3b00000,0x00000000f3b00000)
  from space 8704K, 79% used [0x00000000f4380000,0x00000000f4a41460,0x00000000f4c00000)
  to   space 8704K, 0% used [0x00000000f3b00000,0x00000000f3b00000,0x00000000f4380000)
 ParOldGen       total 79872K, used 13136K [0x00000000d0000000, 0x00000000d4e00000, 0x00000000f0000000)
  object space 79872K, 16% used [0x00000000d0000000,0x00000000d0cd4358,0x00000000d4e00000)
 PSPermGen       total 29184K, used 29075K [0x00000000b8000000, 0x00000000b9c80000, 0x00000000d0000000)
  object space 29184K, 99% used [0x00000000b8000000,0x00000000b9c64ff0,0x00000000b9c80000)
Event: 14,307 GC heap after
Heap after GC invocations=9 (full 0):
 PSYoungGen      total 69120K, used 8704K [0x00000000f0000000, 0x00000000f7780000, 0x0000000100000000)
  eden space 60416K, 0% used [0x00000000f0000000,0x00000000f0000000,0x00000000f3b00000)
  from space 8704K, 100% used [0x00000000f3b00000,0x00000000f4380000,0x00000000f4380000)
  to   space 12800K, 0% used [0x00000000f6b00000,0x00000000f6b00000,0x00000000f7780000)
 ParOldGen       total 79872K, used 21229K [0x00000000d0000000, 0x00000000d4e00000, 0x00000000f0000000)
  object space 79872K, 26% used [0x00000000d0000000,0x00000000d14bb428,0x00000000d4e00000)
 PSPermGen       total 29184K, used 29075K [0x00000000b8000000, 0x00000000b9c80000, 0x00000000d0000000)
  object space 29184K, 99% used [0x00000000b8000000,0x00000000b9c64ff0,0x00000000b9c80000)
}
Event: 15,971 GC heap before
{Heap before GC invocations=10 (full 0):
 PSYoungGen      total 69120K, used 69120K [0x00000000f0000000, 0x00000000f7780000, 0x0000000100000000)
  eden space 60416K, 100% used [0x00000000f0000000,0x00000000f3b00000,0x00000000f3b00000)
  from space 8704K, 100% used [0x00000000f3b00000,0x00000000f4380000,0x00000000f4380000)
  to   space 12800K, 0% used [0x00000000f6b00000,0x00000000f6b00000,0x00000000f7780000)
 ParOldGen       total 79872K, used 21229K [0x00000000d0000000, 0x00000000d4e00000, 0x00000000f0000000)
  object space 79872K, 26% used [0x00000000d0000000,0x00000000d14bb428,0x00000000d4e00000)
 PSPermGen       total 32256K, used 31776K [0x00000000b8000000, 0x00000000b9f80000, 0x00000000d0000000)
  object space 32256K, 98% used [0x00000000b8000000,0x00000000b9f08168,0x00000000b9f80000)
Event: 16,001 GC heap after
Heap after GC invocations=10 (full 0):
 PSYoungGen      total 109056K, used 10262K [0x00000000f0000000, 0x00000000f7880000, 0x0000000100000000)
  eden space 96256K, 0% used [0x00000000f0000000,0x00000000f0000000,0x00000000f5e00000)
  from space 12800K, 80% used [0x00000000f6b00000,0x00000000f7505b68,0x00000000f7780000)
  to   space 13312K, 0% used [0x00000000f5e00000,0x00000000f5e00000,0x00000000f6b00000)
 ParOldGen       total 79872K, used 24949K [0x00000000d0000000, 0x00000000d4e00000, 0x00000000f0000000)
  object space 79872K, 31% used [0x00000000d0000000,0x00000000d185d428,0x00000000d4e00000)
 PSPermGen       total 32256K, used 31776K [0x00000000b8000000, 0x00000000b9f80000, 0x00000000d0000000)
  object space 32256K, 98% used [0x00000000b8000000,0x00000000b9f08168,0x00000000b9f80000)
}
Event: 17,828 GC heap before
{Heap before GC invocations=11 (full 0):
 PSYoungGen      total 109056K, used 106518K [0x00000000f0000000, 0x00000000f7880000, 0x0000000100000000)
  eden space 96256K, 100% used [0x00000000f0000000,0x00000000f5e00000,0x00000000f5e00000)
  from space 12800K, 80% used [0x00000000f6b00000,0x00000000f7505b68,0x00000000f7780000)
  to   space 13312K, 0% used [0x00000000f5e00000,0x00000000f5e00000,0x00000000f6b00000)
 ParOldGen       total 79872K, used 24949K [0x00000000d0000000, 0x00000000d4e00000, 0x00000000f0000000)
  object space 79872K, 31% used [0x00000000d0000000,0x00000000d185d428,0x00000000d4e00000)
 PSPermGen       total 33792K, used 33303K [0x00000000b8000000, 0x00000000ba100000, 0x00000000d0000000)
  object space 33792K, 98% used [0x00000000b8000000,0x00000000ba085de0,0x00000000ba100000)
Event: 17,850 GC heap after
Heap after GC invocations=11 (full 0):
 PSYoungGen      total 109568K, used 1522K [0x00000000f0000000, 0x00000000fb180000, 0x0000000100000000)
  eden space 96256K, 0% used [0x00000000f0000000,0x00000000f0000000,0x00000000f5e00000)
  from space 13312K, 11% used [0x00000000f5e00000,0x00000000f5f7c890,0x00000000f6b00000)
  to   space 13824K, 0% used [0x00000000fa400000,0x00000000fa400000,0x00000000fb180000)
 ParOldGen       total 79872K, used 32629K [0x00000000d0000000, 0x00000000d4e00000, 0x00000000f0000000)
  object space 79872K, 40% used [0x00000000d0000000,0x00000000d1fdd6a8,0x00000000d4e00000)
 PSPermGen       total 33792K, used 33303K [0x00000000b8000000, 0x00000000ba100000, 0x00000000d0000000)
  object space 33792K, 98% used [0x00000000b8000000,0x00000000ba085de0,0x00000000ba100000)
}
Event: 20,650 GC heap before
{Heap before GC invocations=12 (full 0):
 PSYoungGen      total 109568K, used 97778K [0x00000000f0000000, 0x00000000fb180000, 0x0000000100000000)
  eden space 96256K, 100% used [0x00000000f0000000,0x00000000f5e00000,0x00000000f5e00000)
  from space 13312K, 11% used [0x00000000f5e00000,0x00000000f5f7c890,0x00000000f6b00000)
  to   space 13824K, 0% used [0x00000000fa400000,0x00000000fa400000,0x00000000fb180000)
 ParOldGen       total 79872K, used 32629K [0x00000000d0000000, 0x00000000d4e00000, 0x00000000f0000000)
  object space 79872K, 40% used [0x00000000d0000000,0x00000000d1fdd6a8,0x00000000d4e00000)
 PSPermGen       total 34304K, used 34086K [0x00000000b8000000, 0x00000000ba180000, 0x00000000d0000000)
  object space 34304K, 99% used [0x00000000b8000000,0x00000000ba1499b0,0x00000000ba180000)
Event: 20,680 GC heap after
Heap after GC invocations=12 (full 0):
 PSYoungGen      total 167936K, used 3943K [0x00000000f0000000, 0x00000000fb180000, 0x0000000100000000)
  eden space 154112K, 0% used [0x00000000f0000000,0x00000000f0000000,0x00000000f9680000)
  from space 13824K, 28% used [0x00000000fa400000,0x00000000fa7d9f68,0x00000000fb180000)
  to   space 13824K, 0% used [0x00000000f9680000,0x00000000f9680000,0x00000000fa400000)
 ParOldGen       total 79872K, used 33305K [0x00000000d0000000, 0x00000000d4e00000, 0x00000000f0000000)
  object space 79872K, 41% used [0x00000000d0000000,0x00000000d20866b8,0x00000000d4e00000)
 PSPermGen       total 34304K, used 34086K [0x00000000b8000000, 0x00000000ba180000, 0x00000000d0000000)
  object space 34304K, 99% used [0x00000000b8000000,0x00000000ba1499b0,0x00000000ba180000)
}
Event: 29,586 GC heap before
{Heap before GC invocations=13 (full 0):
 PSYoungGen      total 167936K, used 158055K [0x00000000f0000000, 0x00000000fb180000, 0x0000000100000000)
  eden space 154112K, 100% used [0x00000000f0000000,0x00000000f9680000,0x00000000f9680000)
  from space 13824K, 28% used [0x00000000fa400000,0x00000000fa7d9f68,0x00000000fb180000)
  to   space 13824K, 0% used [0x00000000f9680000,0x00000000f9680000,0x00000000fa400000)
 ParOldGen       total 79872K, used 33305K [0x00000000d0000000, 0x00000000d4e00000, 0x00000000f0000000)
  object space 79872K, 41% used [0x00000000d0000000,0x00000000d20866b8,0x00000000d4e00000)
 PSPermGen       total 48128K, used 48105K [0x00000000b8000000, 0x00000000baf00000, 0x00000000d0000000)
  object space 48128K, 99% used [0x00000000b8000000,0x00000000baefa6a0,0x00000000baf00000)

