# JRE version: Java(TM) SE Runtime Environment (7.0_51-b13) (build 1.7.0_51-b13)
# Java VM: Java HotSpot(TM) 64-Bit Server VM (24.51-b03 mixed mode linux-amd64 compressed oops)
Heap
 PSYoungGen      total 27136K, used 2551K [0x00000000d8e00000, 0x00000000dab00000, 0x0000000100000000)
  eden space 24576K, 0% used [0x00000000d8e00000,0x00000000d8e00000,0x00000000da600000)
  from space 2560K, 99% used [0x00000000da600000,0x00000000da87dc10,0x00000000da880000)
  to   space 2560K, 0% used [0x00000000da880000,0x00000000da880000,0x00000000dab00000)
 ParOldGen       total 12288K, used 12146K [0x000000008aa00000, 0x000000008b600000, 0x00000000d8e00000)
  object space 12288K, 98% used [0x000000008aa00000,0x000000008b5dc980,0x000000008b600000)
 PSPermGen       total 21504K, used 6352K [0x0000000085800000, 0x0000000086d00000, 0x000000008aa00000)
  object space 21504K, 29% used [0x0000000085800000,0x0000000085e34208,0x0000000086d00000)
GC Heap History (10 events):
Event: 0,534 GC heap after
Heap after GC invocations=2 (full 0):
 PSYoungGen      total 6656K, used 480K [0x00000000d8e00000, 0x00000000d9500000, 0x0000000100000000)
  eden space 6144K, 0% used [0x00000000d8e00000,0x00000000d8e00000,0x00000000d9400000)
  from space 512K, 93% used [0x00000000d9480000,0x00000000d94f8020,0x00000000d9500000)
  to   space 512K, 0% used [0x00000000d9400000,0x00000000d9400000,0x00000000d9480000)
 ParOldGen       total 5632K, used 520K [0x000000008aa00000, 0x000000008af80000, 0x00000000d8e00000)
  object space 5632K, 9% used [0x000000008aa00000,0x000000008aa82020,0x000000008af80000)
 PSPermGen       total 21504K, used 4868K [0x0000000085800000, 0x0000000086d00000, 0x000000008aa00000)
  object space 21504K, 22% used [0x0000000085800000,0x0000000085cc1328,0x0000000086d00000)
}
Event: 0,687 GC heap before
{Heap before GC invocations=3 (full 0):
 PSYoungGen      total 6656K, used 6624K [0x00000000d8e00000, 0x00000000d9500000, 0x0000000100000000)
  eden space 6144K, 100% used [0x00000000d8e00000,0x00000000d9400000,0x00000000d9400000)
  from space 512K, 93% used [0x00000000d9480000,0x00000000d94f8020,0x00000000d9500000)
  to   space 512K, 0% used [0x00000000d9400000,0x00000000d9400000,0x00000000d9480000)
 ParOldGen       total 5632K, used 520K [0x000000008aa00000, 0x000000008af80000, 0x00000000d8e00000)
  object space 5632K, 9% used [0x000000008aa00000,0x000000008aa82020,0x000000008af80000)
 PSPermGen       total 21504K, used 5846K [0x0000000085800000, 0x0000000086d00000, 0x000000008aa00000)
  object space 21504K, 27% used [0x0000000085800000,0x0000000085db5b48,0x0000000086d00000)
Event: 0,689 GC heap after
Heap after GC invocations=3 (full 0):
 PSYoungGen      total 6656K, used 503K [0x00000000d8e00000, 0x00000000d9b00000, 0x0000000100000000)
  eden space 6144K, 0% used [0x00000000d8e00000,0x00000000d8e00000,0x00000000d9400000)
  from space 512K, 98% used [0x00000000d9400000,0x00000000d947df58,0x00000000d9480000)
  to   space 512K, 0% used [0x00000000d9a80000,0x00000000d9a80000,0x00000000d9b00000)
 ParOldGen       total 5632K, used 1553K [0x000000008aa00000, 0x000000008af80000, 0x00000000d8e00000)
  object space 5632K, 27% used [0x000000008aa00000,0x000000008ab845c0,0x000000008af80000)
 PSPermGen       total 21504K, used 5846K [0x0000000085800000, 0x0000000086d00000, 0x000000008aa00000)
  object space 21504K, 27% used [0x0000000085800000,0x0000000085db5b48,0x0000000086d00000)
}
Event: 0,769 GC heap before
{Heap before GC invocations=4 (full 0):
 PSYoungGen      total 6656K, used 6637K [0x00000000d8e00000, 0x00000000d9b00000, 0x0000000100000000)
  eden space 6144K, 99% used [0x00000000d8e00000,0x00000000d93fd620,0x00000000d9400000)
  from space 512K, 98% used [0x00000000d9400000,0x00000000d947df58,0x00000000d9480000)
  to   space 512K, 0% used [0x00000000d9a80000,0x00000000d9a80000,0x00000000d9b00000)
 ParOldGen       total 5632K, used 1553K [0x000000008aa00000, 0x000000008af80000, 0x00000000d8e00000)
  object space 5632K, 27% used [0x000000008aa00000,0x000000008ab845c0,0x000000008af80000)
 PSPermGen       total 21504K, used 5856K [0x0000000085800000, 0x0000000086d00000, 0x000000008aa00000)
  object space 21504K, 27% used [0x0000000085800000,0x0000000085db8318,0x0000000086d00000)
Event: 0,775 GC heap after
Heap after GC invocations=4 (full 0):
 PSYoungGen      total 12800K, used 487K [0x00000000d8e00000, 0x00000000d9b00000, 0x0000000100000000)
  eden space 12288K, 0% used [0x00000000d8e00000,0x00000000d8e00000,0x00000000d9a00000)
  from space 512K, 95% used [0x00000000d9a80000,0x00000000d9af9f68,0x00000000d9b00000)
  to   space 512K, 0% used [0x00000000d9a00000,0x00000000d9a00000,0x00000000d9a80000)
 ParOldGen       total 5632K, used 3201K [0x000000008aa00000, 0x000000008af80000, 0x00000000d8e00000)
  object space 5632K, 56% used [0x000000008aa00000,0x000000008ad20528,0x000000008af80000)
 PSPermGen       total 21504K, used 5856K [0x0000000085800000, 0x0000000086d00000, 0x000000008aa00000)
  object space 21504K, 27% used [0x0000000085800000,0x0000000085db8318,0x0000000086d00000)
}
Event: 0,779 GC heap before
{Heap before GC invocations=5 (full 0):
 PSYoungGen      total 12800K, used 12734K [0x00000000d8e00000, 0x00000000d9b00000, 0x0000000100000000)
  eden space 12288K, 99% used [0x00000000d8e00000,0x00000000d99f58a0,0x00000000d9a00000)
  from space 512K, 95% used [0x00000000d9a80000,0x00000000d9af9f68,0x00000000d9b00000)
  to   space 512K, 0% used [0x00000000d9a00000,0x00000000d9a00000,0x00000000d9a80000)
 ParOldGen       total 5632K, used 3201K [0x000000008aa00000, 0x000000008af80000, 0x00000000d8e00000)
  object space 5632K, 56% used [0x000000008aa00000,0x000000008ad20528,0x000000008af80000)
 PSPermGen       total 21504K, used 5856K [0x0000000085800000, 0x0000000086d00000, 0x000000008aa00000)
  object space 21504K, 27% used [0x0000000085800000,0x0000000085db8318,0x0000000086d00000)
Event: 0,780 GC heap after
Heap after GC invocations=5 (full 0):
 PSYoungGen      total 12800K, used 487K [0x00000000d8e00000, 0x00000000dab00000, 0x0000000100000000)
  eden space 12288K, 0% used [0x00000000d8e00000,0x00000000d8e00000,0x00000000d9a00000)
  from space 512K, 95% used [0x00000000d9a00000,0x00000000d9a79f48,0x00000000d9a80000)
  to   space 2560K, 0% used [0x00000000da880000,0x00000000da880000,0x00000000dab00000)
 ParOldGen       total 5632K, used 3268K [0x000000008aa00000, 0x000000008af80000, 0x00000000d8e00000)
  object space 5632K, 58% used [0x000000008aa00000,0x000000008ad311b0,0x000000008af80000)
 PSPermGen       total 21504K, used 5856K [0x0000000085800000, 0x0000000086d00000, 0x000000008aa00000)
  object space 21504K, 27% used [0x0000000085800000,0x0000000085db8318,0x0000000086d00000)
}
Event: 0,800 GC heap before
{Heap before GC invocations=6 (full 0):
 PSYoungGen      total 12800K, used 12775K [0x00000000d8e00000, 0x00000000dab00000, 0x0000000100000000)
  eden space 12288K, 100% used [0x00000000d8e00000,0x00000000d9a00000,0x00000000d9a00000)
  from space 512K, 95% used [0x00000000d9a00000,0x00000000d9a79f48,0x00000000d9a80000)
  to   space 2560K, 0% used [0x00000000da880000,0x00000000da880000,0x00000000dab00000)
 ParOldGen       total 5632K, used 3268K [0x000000008aa00000, 0x000000008af80000, 0x00000000d8e00000)
  object space 5632K, 58% used [0x000000008aa00000,0x000000008ad311b0,0x000000008af80000)
 PSPermGen       total 21504K, used 5856K [0x0000000085800000, 0x0000000086d00000, 0x000000008aa00000)
  object space 21504K, 27% used [0x0000000085800000,0x0000000085db8318,0x0000000086d00000)
Event: 0,802 GC heap after
Heap after GC invocations=6 (full 0):
 PSYoungGen      total 27136K, used 857K [0x00000000d8e00000, 0x00000000dab00000, 0x0000000100000000)
  eden space 24576K, 0% used [0x00000000d8e00000,0x00000000d8e00000,0x00000000da600000)
  from space 2560K, 33% used [0x00000000da880000,0x00000000da9565a0,0x00000000dab00000)
  to   space 2560K, 0% used [0x00000000da600000,0x00000000da600000,0x00000000da880000)
 ParOldGen       total 5632K, used 3268K [0x000000008aa00000, 0x000000008af80000, 0x00000000d8e00000)
  object space 5632K, 58% used [0x000000008aa00000,0x000000008ad311b0,0x000000008af80000)
 PSPermGen       total 21504K, used 5856K [0x0000000085800000, 0x0000000086d00000, 0x000000008aa00000)
  object space 21504K, 27% used [0x0000000085800000,0x0000000085db8318,0x0000000086d00000)
}
Event: 1,589 GC heap before
{Heap before GC invocations=7 (full 0):
 PSYoungGen      total 27136K, used 25433K [0x00000000d8e00000, 0x00000000dab00000, 0x0000000100000000)
  eden space 24576K, 100% used [0x00000000d8e00000,0x00000000da600000,0x00000000da600000)
  from space 2560K, 33% used [0x00000000da880000,0x00000000da9565a0,0x00000000dab00000)
  to   space 2560K, 0% used [0x00000000da600000,0x00000000da600000,0x00000000da880000)
 ParOldGen       total 5632K, used 3268K [0x000000008aa00000, 0x000000008af80000, 0x00000000d8e00000)
  object space 5632K, 58% used [0x000000008aa00000,0x000000008ad311b0,0x000000008af80000)
 PSPermGen       total 21504K, used 6352K [0x0000000085800000, 0x0000000086d00000, 0x000000008aa00000)
  object space 21504K, 29% used [0x0000000085800000,0x0000000085e34208,0x0000000086d00000)

