# JRE version: Java(TM) SE Runtime Environment (7.0_60-b19) (build 1.7.0_60-b19)
# Java VM: Java HotSpot(TM) 64-Bit Server VM (24.60-b09 mixed mode bsd-amd64 compressed oops)
Heap
 PSYoungGen      total 613888K, used 365084K [0x00000007d5500000, 0x00000007fff80000, 0x0000000800000000)
  eden space 530944K, 68% used [0x00000007d5500000,0x00000007eb5d3168,0x00000007f5b80000)
  from space 82944K, 4% used [0x00000007fad00000,0x00000007fb0b4020,0x00000007ffe00000)
  to   space 83456K, 0% used [0x00000007f5b80000,0x00000007f5b80000,0x00000007fad00000)
 ParOldGen       total 699392K, used 174344K [0x0000000780000000, 0x00000007aab00000, 0x00000007d5500000)
  object space 699392K, 24% used [0x0000000780000000,0x000000078aa42390,0x00000007aab00000)
 PSPermGen       total 2097152K, used 148097K [0x0000000700000000, 0x0000000780000000, 0x0000000780000000)
  object space 2097152K, 7% used [0x0000000700000000,0x00000007090a06b8,0x0000000780000000)
GC Heap History (10 events):
Event: 2437.537 GC heap before
{Heap before GC invocations=10 (full 0):
 PSYoungGen      total 609280K, used 536706K [0x00000007d5500000, 0x0000000800000000, 0x0000000800000000)
  eden space 519168K, 100% used [0x00000007d5500000,0x00000007f5000000,0x00000007f5000000)
  from space 90112K, 19% used [0x00000007f5000000,0x00000007f61209c8,0x00000007fa800000)
  to   space 89600K, 0% used [0x00000007fa880000,0x00000007fa880000,0x0000000800000000)
 ParOldGen       total 699392K, used 123520K [0x0000000780000000, 0x00000007aab00000, 0x00000007d5500000)
  object space 699392K, 17% used [0x0000000780000000,0x00000007878a0190,0x00000007aab00000)
 PSPermGen       total 2097152K, used 104099K [0x0000000700000000, 0x0000000780000000, 0x0000000780000000)
  object space 2097152K, 4% used [0x0000000700000000,0x00000007065a8c30,0x0000000780000000)
Event: 2437.655 GC heap after
Heap after GC invocations=10 (full 0):
 PSYoungGen      total 603648K, used 28047K [0x00000007d5500000, 0x00000007ffa80000, 0x0000000800000000)
  eden space 519680K, 0% used [0x00000007d5500000,0x00000007d5500000,0x00000007f5080000)
  from space 83968K, 33% used [0x00000007fa880000,0x00000007fc3e3ea8,0x00000007ffa80000)
  to   space 87040K, 0% used [0x00000007f5080000,0x00000007f5080000,0x00000007fa580000)
 ParOldGen       total 699392K, used 129234K [0x0000000780000000, 0x00000007aab00000, 0x00000007d5500000)
  object space 699392K, 18% used [0x0000000780000000,0x0000000787e34bb0,0x00000007aab00000)
 PSPermGen       total 2097152K, used 104099K [0x0000000700000000, 0x0000000780000000, 0x0000000780000000)
  object space 2097152K, 4% used [0x0000000700000000,0x00000007065a8c30,0x0000000780000000)
}
Event: 2451.126 GC heap before
{Heap before GC invocations=11 (full 0):
 PSYoungGen      total 603648K, used 547727K [0x00000007d5500000, 0x00000007ffa80000, 0x0000000800000000)
  eden space 519680K, 100% used [0x00000007d5500000,0x00000007f5080000,0x00000007f5080000)
  from space 83968K, 33% used [0x00000007fa880000,0x00000007fc3e3ea8,0x00000007ffa80000)
  to   space 87040K, 0% used [0x00000007f5080000,0x00000007f5080000,0x00000007fa580000)
 ParOldGen       total 699392K, used 129234K [0x0000000780000000, 0x00000007aab00000, 0x00000007d5500000)
  object space 699392K, 18% used [0x0000000780000000,0x0000000787e34bb0,0x00000007aab00000)
 PSPermGen       total 2097152K, used 127640K [0x0000000700000000, 0x0000000780000000, 0x0000000780000000)
  object space 2097152K, 6% used [0x0000000700000000,0x0000000707ca6048,0x0000000780000000)
Event: 2451.306 GC heap after
Heap after GC invocations=11 (full 0):
 PSYoungGen      total 606720K, used 33407K [0x00000007d5500000, 0x00000007ffc00000, 0x0000000800000000)
  eden space 519680K, 0% used [0x00000007d5500000,0x00000007d5500000,0x00000007f5080000)
  from space 87040K, 38% used [0x00000007f5080000,0x00000007f711fed0,0x00000007fa580000)
  to   space 83456K, 0% used [0x00000007faa80000,0x00000007faa80000,0x00000007ffc00000)
 ParOldGen       total 699392K, used 147027K [0x0000000780000000, 0x00000007aab00000, 0x00000007d5500000)
  object space 699392K, 21% used [0x0000000780000000,0x0000000788f94c70,0x00000007aab00000)
 PSPermGen       total 2097152K, used 127640K [0x0000000700000000, 0x0000000780000000, 0x0000000780000000)
  object space 2097152K, 6% used [0x0000000700000000,0x0000000707ca6048,0x0000000780000000)
}
Event: 2460.147 GC heap before
{Heap before GC invocations=12 (full 0):
 PSYoungGen      total 606720K, used 553087K [0x00000007d5500000, 0x00000007ffc00000, 0x0000000800000000)
  eden space 519680K, 100% used [0x00000007d5500000,0x00000007f5080000,0x00000007f5080000)
  from space 87040K, 38% used [0x00000007f5080000,0x00000007f711fed0,0x00000007fa580000)
  to   space 83456K, 0% used [0x00000007faa80000,0x00000007faa80000,0x00000007ffc00000)
 ParOldGen       total 699392K, used 147027K [0x0000000780000000, 0x00000007aab00000, 0x00000007d5500000)
  object space 699392K, 21% used [0x0000000780000000,0x0000000788f94c70,0x00000007aab00000)
 PSPermGen       total 2097152K, used 131343K [0x0000000700000000, 0x0000000780000000, 0x0000000780000000)
  object space 2097152K, 6% used [0x0000000700000000,0x0000000708043f00,0x0000000780000000)
Event: 2460.234 GC heap after
Heap after GC invocations=12 (full 0):
 PSYoungGen      total 610816K, used 6062K [0x00000007d5500000, 0x00000007ffe80000, 0x0000000800000000)
  eden space 527360K, 0% used [0x00000007d5500000,0x00000007d5500000,0x00000007f5800000)
  from space 83456K, 7% used [0x00000007faa80000,0x00000007fb06ba00,0x00000007ffc00000)
  to   space 84480K, 0% used [0x00000007f5800000,0x00000007f5800000,0x00000007faa80000)
 ParOldGen       total 699392K, used 162304K [0x0000000780000000, 0x00000007aab00000, 0x00000007d5500000)
  object space 699392K, 23% used [0x0000000780000000,0x0000000789e80128,0x00000007aab00000)
 PSPermGen       total 2097152K, used 131343K [0x0000000700000000, 0x0000000780000000, 0x0000000780000000)
  object space 2097152K, 6% used [0x0000000700000000,0x0000000708043f00,0x0000000780000000)
}
Event: 2855.549 GC heap before
{Heap before GC invocations=13 (full 0):
 PSYoungGen      total 610816K, used 533422K [0x00000007d5500000, 0x00000007ffe80000, 0x0000000800000000)
  eden space 527360K, 100% used [0x00000007d5500000,0x00000007f5800000,0x00000007f5800000)
  from space 83456K, 7% used [0x00000007faa80000,0x00000007fb06ba00,0x00000007ffc00000)
  to   space 84480K, 0% used [0x00000007f5800000,0x00000007f5800000,0x00000007faa80000)
 ParOldGen       total 699392K, used 162304K [0x0000000780000000, 0x00000007aab00000, 0x00000007d5500000)
  object space 699392K, 23% used [0x0000000780000000,0x0000000789e80128,0x00000007aab00000)
 PSPermGen       total 2097152K, used 141759K [0x0000000700000000, 0x0000000780000000, 0x0000000780000000)
  object space 2097152K, 6% used [0x0000000700000000,0x0000000708a6feb0,0x0000000780000000)
Event: 2855.594 GC heap after
Heap after GC invocations=13 (full 0):
 PSYoungGen      total 611840K, used 15079K [0x00000007d5500000, 0x00000007ffe00000, 0x0000000800000000)
  eden space 527360K, 0% used [0x00000007d5500000,0x00000007d5500000,0x00000007f5800000)
  from space 84480K, 17% used [0x00000007f5800000,0x00000007f66b9d40,0x00000007faa80000)
  to   space 82944K, 0% used [0x00000007fad00000,0x00000007fad00000,0x00000007ffe00000)
 ParOldGen       total 699392K, used 165933K [0x0000000780000000, 0x00000007aab00000, 0x00000007d5500000)
  object space 699392K, 23% used [0x0000000780000000,0x000000078a20b568,0x00000007aab00000)
 PSPermGen       total 2097152K, used 141759K [0x0000000700000000, 0x0000000780000000, 0x0000000780000000)
  object space 2097152K, 6% used [0x0000000700000000,0x0000000708a6feb0,0x0000000780000000)
}
Event: 4000.046 GC heap before
{Heap before GC invocations=14 (full 0):
 PSYoungGen      total 611840K, used 542439K [0x00000007d5500000, 0x00000007ffe00000, 0x0000000800000000)
  eden space 527360K, 100% used [0x00000007d5500000,0x00000007f5800000,0x00000007f5800000)
  from space 84480K, 17% used [0x00000007f5800000,0x00000007f66b9d40,0x00000007faa80000)
  to   space 82944K, 0% used [0x00000007fad00000,0x00000007fad00000,0x00000007ffe00000)
 ParOldGen       total 699392K, used 165933K [0x0000000780000000, 0x00000007aab00000, 0x00000007d5500000)
  object space 699392K, 23% used [0x0000000780000000,0x000000078a20b568,0x00000007aab00000)
 PSPermGen       total 2097152K, used 141779K [0x0000000700000000, 0x0000000780000000, 0x0000000780000000)
  object space 2097152K, 6% used [0x0000000700000000,0x0000000708a74dc8,0x0000000780000000)
Event: 4000.095 GC heap after
Heap after GC invocations=14 (full 0):
 PSYoungGen      total 613888K, used 3792K [0x00000007d5500000, 0x00000007fff80000, 0x0000000800000000)
  eden space 530944K, 0% used [0x00000007d5500000,0x00000007d5500000,0x00000007f5b80000)
  from space 82944K, 4% used [0x00000007fad00000,0x00000007fb0b4020,0x00000007ffe00000)
  to   space 83456K, 0% used [0x00000007f5b80000,0x00000007f5b80000,0x00000007fad00000)
 ParOldGen       total 699392K, used 174344K [0x0000000780000000, 0x00000007aab00000, 0x00000007d5500000)
  object space 699392K, 24% used [0x0000000780000000,0x000000078aa42390,0x00000007aab00000)
 PSPermGen       total 2097152K, used 141779K [0x0000000700000000, 0x0000000780000000, 0x0000000780000000)
  object space 2097152K, 6% used [0x0000000700000000,0x0000000708a74dc8,0x0000000780000000)
}

