# JRE version: Java(TM) SE Runtime Environment (7.0_51-b13) (build 1.7.0_51-b13)
# Java VM: Java HotSpot(TM) 64-Bit Server VM (24.51-b03 mixed mode linux-amd64 compressed oops)
Heap
 PSYoungGen      total 27136K, used 2550K [0x00000000d8e00000, 0x00000000dab00000, 0x0000000100000000)
  eden space 24576K, 0% used [0x00000000d8e00000,0x00000000d8e00000,0x00000000da600000)
  from space 2560K, 99% used [0x00000000da600000,0x00000000da87db18,0x00000000da880000)
  to   space 2560K, 0% used [0x00000000da880000,0x00000000da880000,0x00000000dab00000)
 ParOldGen       total 15872K, used 14672K [0x000000008aa00000, 0x000000008b980000, 0x00000000d8e00000)
  object space 15872K, 92% used [0x000000008aa00000,0x000000008b854200,0x000000008b980000)
 PSPermGen       total 21504K, used 6348K [0x0000000085800000, 0x0000000086d00000, 0x000000008aa00000)
  object space 21504K, 29% used [0x0000000085800000,0x0000000085e332f0,0x0000000086d00000)
GC Heap History (10 events):
Event: 0,708 GC heap after
Heap after GC invocations=4 (full 0):
 PSYoungGen      total 6656K, used 498K [0x00000000d8e00000, 0x00000000d9500000, 0x0000000100000000)
  eden space 6144K, 0% used [0x00000000d8e00000,0x00000000d8e00000,0x00000000d9400000)
  from space 512K, 97% used [0x00000000d9480000,0x00000000d94fc878,0x00000000d9500000)
  to   space 512K, 0% used [0x00000000d9400000,0x00000000d9400000,0x00000000d9480000)
 ParOldGen       total 5632K, used 1566K [0x000000008aa00000, 0x000000008af80000, 0x00000000d8e00000)
  object space 5632K, 27% used [0x000000008aa00000,0x000000008ab87868,0x000000008af80000)
 PSPermGen       total 21504K, used 5846K [0x0000000085800000, 0x0000000086d00000, 0x000000008aa00000)
  object space 21504K, 27% used [0x0000000085800000,0x0000000085db5b48,0x0000000086d00000)
}
Event: 0,788 GC heap before
{Heap before GC invocations=5 (full 0):
 PSYoungGen      total 6656K, used 6640K [0x00000000d8e00000, 0x00000000d9500000, 0x0000000100000000)
  eden space 6144K, 99% used [0x00000000d8e00000,0x00000000d93ffa98,0x00000000d9400000)
  from space 512K, 97% used [0x00000000d9480000,0x00000000d94fc878,0x00000000d9500000)
  to   space 512K, 0% used [0x00000000d9400000,0x00000000d9400000,0x00000000d9480000)
 ParOldGen       total 5632K, used 1566K [0x000000008aa00000, 0x000000008af80000, 0x00000000d8e00000)
  object space 5632K, 27% used [0x000000008aa00000,0x000000008ab87868,0x000000008af80000)
 PSPermGen       total 21504K, used 5856K [0x0000000085800000, 0x0000000086d00000, 0x000000008aa00000)
  object space 21504K, 27% used [0x0000000085800000,0x0000000085db8338,0x0000000086d00000)
Event: 0,792 GC heap after
Heap after GC invocations=5 (full 0):
 PSYoungGen      total 6656K, used 503K [0x00000000d8e00000, 0x00000000d9e00000, 0x0000000100000000)
  eden space 6144K, 0% used [0x00000000d8e00000,0x00000000d8e00000,0x00000000d9400000)
  from space 512K, 98% used [0x00000000d9400000,0x00000000d947df58,0x00000000d9480000)
  to   space 2048K, 0% used [0x00000000d9c00000,0x00000000d9c00000,0x00000000d9e00000)
 ParOldGen       total 5632K, used 3207K [0x000000008aa00000, 0x000000008af80000, 0x00000000d8e00000)
  object space 5632K, 56% used [0x000000008aa00000,0x000000008ad21d08,0x000000008af80000)
 PSPermGen       total 21504K, used 5856K [0x0000000085800000, 0x0000000086d00000, 0x000000008aa00000)
  object space 21504K, 27% used [0x0000000085800000,0x0000000085db8338,0x0000000086d00000)
}
Event: 0,793 GC heap before
{Heap before GC invocations=6 (full 0):
 PSYoungGen      total 6656K, used 6642K [0x00000000d8e00000, 0x00000000d9e00000, 0x0000000100000000)
  eden space 6144K, 99% used [0x00000000d8e00000,0x00000000d93feba8,0x00000000d9400000)
  from space 512K, 98% used [0x00000000d9400000,0x00000000d947df58,0x00000000d9480000)
  to   space 2048K, 0% used [0x00000000d9c00000,0x00000000d9c00000,0x00000000d9e00000)
 ParOldGen       total 5632K, used 3207K [0x000000008aa00000, 0x000000008af80000, 0x00000000d8e00000)
  object space 5632K, 56% used [0x000000008aa00000,0x000000008ad21d08,0x000000008af80000)
 PSPermGen       total 21504K, used 5856K [0x0000000085800000, 0x0000000086d00000, 0x000000008aa00000)
  object space 21504K, 27% used [0x0000000085800000,0x0000000085db8338,0x0000000086d00000)
Event: 0,795 GC heap after
Heap after GC invocations=6 (full 0):
 PSYoungGen      total 14336K, used 546K [0x00000000d8e00000, 0x00000000d9e00000, 0x0000000100000000)
  eden space 12288K, 0% used [0x00000000d8e00000,0x00000000d8e00000,0x00000000d9a00000)
  from space 2048K, 26% used [0x00000000d9c00000,0x00000000d9c88988,0x00000000d9e00000)
  to   space 2048K, 0% used [0x00000000d9a00000,0x00000000d9a00000,0x00000000d9c00000)
 ParOldGen       total 5632K, used 3215K [0x000000008aa00000, 0x000000008af80000, 0x00000000d8e00000)
  object space 5632K, 57% used [0x000000008aa00000,0x000000008ad23d08,0x000000008af80000)
 PSPermGen       total 21504K, used 5856K [0x0000000085800000, 0x0000000086d00000, 0x000000008aa00000)
  object space 21504K, 27% used [0x0000000085800000,0x0000000085db8338,0x0000000086d00000)
}
Event: 0,799 GC heap before
{Heap before GC invocations=7 (full 0):
 PSYoungGen      total 14336K, used 12834K [0x00000000d8e00000, 0x00000000d9e00000, 0x0000000100000000)
  eden space 12288K, 99% used [0x00000000d8e00000,0x00000000d99ffee0,0x00000000d9a00000)
  from space 2048K, 26% used [0x00000000d9c00000,0x00000000d9c88988,0x00000000d9e00000)
  to   space 2048K, 0% used [0x00000000d9a00000,0x00000000d9a00000,0x00000000d9c00000)
 ParOldGen       total 5632K, used 3215K [0x000000008aa00000, 0x000000008af80000, 0x00000000d8e00000)
  object space 5632K, 57% used [0x000000008aa00000,0x000000008ad23d08,0x000000008af80000)
 PSPermGen       total 21504K, used 5856K [0x0000000085800000, 0x0000000086d00000, 0x000000008aa00000)
  object space 21504K, 27% used [0x0000000085800000,0x0000000085db8338,0x0000000086d00000)
Event: 0,801 GC heap after
Heap after GC invocations=7 (full 0):
 PSYoungGen      total 14336K, used 238K [0x00000000d8e00000, 0x00000000dab00000, 0x0000000100000000)
  eden space 12288K, 0% used [0x00000000d8e00000,0x00000000d8e00000,0x00000000d9a00000)
  from space 2048K, 11% used [0x00000000d9a00000,0x00000000d9a3b8b0,0x00000000d9c00000)
  to   space 2560K, 0% used [0x00000000da880000,0x00000000da880000,0x00000000dab00000)
 ParOldGen       total 5632K, used 3535K [0x000000008aa00000, 0x000000008af80000, 0x00000000d8e00000)
  object space 5632K, 62% used [0x000000008aa00000,0x000000008ad73c80,0x000000008af80000)
 PSPermGen       total 21504K, used 5856K [0x0000000085800000, 0x0000000086d00000, 0x000000008aa00000)
  object space 21504K, 27% used [0x0000000085800000,0x0000000085db8338,0x0000000086d00000)
}
Event: 1,147 GC heap before
{Heap before GC invocations=8 (full 0):
 PSYoungGen      total 14336K, used 12526K [0x00000000d8e00000, 0x00000000dab00000, 0x0000000100000000)
  eden space 12288K, 100% used [0x00000000d8e00000,0x00000000d9a00000,0x00000000d9a00000)
  from space 2048K, 11% used [0x00000000d9a00000,0x00000000d9a3b8b0,0x00000000d9c00000)
  to   space 2560K, 0% used [0x00000000da880000,0x00000000da880000,0x00000000dab00000)
 ParOldGen       total 5632K, used 3535K [0x000000008aa00000, 0x000000008af80000, 0x00000000d8e00000)
  object space 5632K, 62% used [0x000000008aa00000,0x000000008ad73c80,0x000000008af80000)
 PSPermGen       total 21504K, used 5977K [0x0000000085800000, 0x0000000086d00000, 0x000000008aa00000)
  object space 21504K, 27% used [0x0000000085800000,0x0000000085dd6770,0x0000000086d00000)
Event: 1,150 GC heap after
Heap after GC invocations=8 (full 0):
 PSYoungGen      total 27136K, used 1673K [0x00000000d8e00000, 0x00000000dab00000, 0x0000000100000000)
  eden space 24576K, 0% used [0x00000000d8e00000,0x00000000d8e00000,0x00000000da600000)
  from space 2560K, 65% used [0x00000000da880000,0x00000000daa22440,0x00000000dab00000)
  to   space 2560K, 0% used [0x00000000da600000,0x00000000da600000,0x00000000da880000)
 ParOldGen       total 5632K, used 3676K [0x000000008aa00000, 0x000000008af80000, 0x00000000d8e00000)
  object space 5632K, 65% used [0x000000008aa00000,0x000000008ad97300,0x000000008af80000)
 PSPermGen       total 21504K, used 5977K [0x0000000085800000, 0x0000000086d00000, 0x000000008aa00000)
  object space 21504K, 27% used [0x0000000085800000,0x0000000085dd6770,0x0000000086d00000)
}
Event: 2,185 GC heap before
{Heap before GC invocations=9 (full 0):
 PSYoungGen      total 27136K, used 26119K [0x00000000d8e00000, 0x00000000dab00000, 0x0000000100000000)
  eden space 24576K, 99% used [0x00000000d8e00000,0x00000000da5df9b8,0x00000000da600000)
  from space 2560K, 65% used [0x00000000da880000,0x00000000daa22440,0x00000000dab00000)
  to   space 2560K, 0% used [0x00000000da600000,0x00000000da600000,0x00000000da880000)
 ParOldGen       total 5632K, used 3676K [0x000000008aa00000, 0x000000008af80000, 0x00000000d8e00000)
  object space 5632K, 65% used [0x000000008aa00000,0x000000008ad97300,0x000000008af80000)
 PSPermGen       total 21504K, used 6348K [0x0000000085800000, 0x0000000086d00000, 0x000000008aa00000)
  object space 21504K, 29% used [0x0000000085800000,0x0000000085e332f0,0x0000000086d00000)

