# JRE version: Java(TM) SE Runtime Environment (7.0_51-b13) (build 1.7.0_51-b13)
# Java VM: Java HotSpot(TM) 64-Bit Server VM (24.51-b03 mixed mode linux-amd64 compressed oops)
Heap
 PSYoungGen      total 71168K, used 9200K [0x00000000f0000000, 0x00000000f4f00000, 0x0000000100000000)
  eden space 61952K, 0% used [0x00000000f0000000,0x00000000f0000000,0x00000000f3c80000)
  from space 9216K, 99% used [0x00000000f3c80000,0x00000000f457c010,0x00000000f4580000)
  to   space 8704K, 0% used [0x00000000f4580000,0x00000000f4580000,0x00000000f4e00000)
 ParOldGen       total 79872K, used 16249K [0x00000000d0000000, 0x00000000d4e00000, 0x00000000f0000000)
  object space 79872K, 20% used [0x00000000d0000000,0x00000000d0fde540,0x00000000d4e00000)
 PSPermGen       total 28160K, used 27918K [0x00000000b8000000, 0x00000000b9b80000, 0x00000000d0000000)
  object space 28160K, 99% used [0x00000000b8000000,0x00000000b9b43898,0x00000000b9b80000)
GC Heap History (10 events):
Event: 15,059 GC heap after
Heap after GC invocations=2 (full 0):
 PSYoungGen      total 35840K, used 4599K [0x00000000f0000000, 0x00000000f2780000, 0x0000000100000000)
  eden space 31232K, 0% used [0x00000000f0000000,0x00000000f0000000,0x00000000f1e80000)
  from space 4608K, 99% used [0x00000000f2300000,0x00000000f277dda8,0x00000000f2780000)
  to   space 4608K, 0% used [0x00000000f1e80000,0x00000000f1e80000,0x00000000f2300000)
 ParOldGen       total 79872K, used 4328K [0x00000000d0000000, 0x00000000d4e00000, 0x00000000f0000000)
  object space 79872K, 5% used [0x00000000d0000000,0x00000000d043a350,0x00000000d4e00000)
 PSPermGen       total 21504K, used 17387K [0x00000000b8000000, 0x00000000b9500000, 0x00000000d0000000)
  object space 21504K, 80% used [0x00000000b8000000,0x00000000b90fafb8,0x00000000b9500000)
}
Event: 20,757 GC heap before
{Heap before GC invocations=3 (full 0):
 PSYoungGen      total 35840K, used 35831K [0x00000000f0000000, 0x00000000f2780000, 0x0000000100000000)
  eden space 31232K, 100% used [0x00000000f0000000,0x00000000f1e80000,0x00000000f1e80000)
  from space 4608K, 99% used [0x00000000f2300000,0x00000000f277dda8,0x00000000f2780000)
  to   space 4608K, 0% used [0x00000000f1e80000,0x00000000f1e80000,0x00000000f2300000)
 ParOldGen       total 79872K, used 4328K [0x00000000d0000000, 0x00000000d4e00000, 0x00000000f0000000)
  object space 79872K, 5% used [0x00000000d0000000,0x00000000d043a350,0x00000000d4e00000)
 PSPermGen       total 21504K, used 21046K [0x00000000b8000000, 0x00000000b9500000, 0x00000000d0000000)
  object space 21504K, 97% used [0x00000000b8000000,0x00000000b948dae8,0x00000000b9500000)
Event: 20,821 GC heap after
Heap after GC invocations=3 (full 0):
 PSYoungGen      total 35840K, used 4582K [0x00000000f0000000, 0x00000000f2780000, 0x0000000100000000)
  eden space 31232K, 0% used [0x00000000f0000000,0x00000000f0000000,0x00000000f1e80000)
  from space 4608K, 99% used [0x00000000f1e80000,0x00000000f22f9908,0x00000000f2300000)
  to   space 4608K, 0% used [0x00000000f2300000,0x00000000f2300000,0x00000000f2780000)
 ParOldGen       total 79872K, used 5935K [0x00000000d0000000, 0x00000000d4e00000, 0x00000000f0000000)
  object space 79872K, 7% used [0x00000000d0000000,0x00000000d05cbc78,0x00000000d4e00000)
 PSPermGen       total 21504K, used 21046K [0x00000000b8000000, 0x00000000b9500000, 0x00000000d0000000)
  object space 21504K, 97% used [0x00000000b8000000,0x00000000b948dae8,0x00000000b9500000)
}
Event: 25,054 GC heap before
{Heap before GC invocations=4 (full 0):
 PSYoungGen      total 35840K, used 35814K [0x00000000f0000000, 0x00000000f2780000, 0x0000000100000000)
  eden space 31232K, 100% used [0x00000000f0000000,0x00000000f1e80000,0x00000000f1e80000)
  from space 4608K, 99% used [0x00000000f1e80000,0x00000000f22f9908,0x00000000f2300000)
  to   space 4608K, 0% used [0x00000000f2300000,0x00000000f2300000,0x00000000f2780000)
 ParOldGen       total 79872K, used 5935K [0x00000000d0000000, 0x00000000d4e00000, 0x00000000f0000000)
  object space 79872K, 7% used [0x00000000d0000000,0x00000000d05cbc78,0x00000000d4e00000)
 PSPermGen       total 23040K, used 22855K [0x00000000b8000000, 0x00000000b9680000, 0x00000000d0000000)
  object space 23040K, 99% used [0x00000000b8000000,0x00000000b9651f08,0x00000000b9680000)
Event: 25,101 GC heap after
Heap after GC invocations=4 (full 0):
 PSYoungGen      total 35840K, used 4588K [0x00000000f0000000, 0x00000000f2780000, 0x0000000100000000)
  eden space 31232K, 0% used [0x00000000f0000000,0x00000000f0000000,0x00000000f1e80000)
  from space 4608K, 99% used [0x00000000f2300000,0x00000000f277b3e8,0x00000000f2780000)
  to   space 4608K, 0% used [0x00000000f1e80000,0x00000000f1e80000,0x00000000f2300000)
 ParOldGen       total 79872K, used 7028K [0x00000000d0000000, 0x00000000d4e00000, 0x00000000f0000000)
  object space 79872K, 8% used [0x00000000d0000000,0x00000000d06dd018,0x00000000d4e00000)
 PSPermGen       total 23040K, used 22855K [0x00000000b8000000, 0x00000000b9680000, 0x00000000d0000000)
  object space 23040K, 99% used [0x00000000b8000000,0x00000000b9651f08,0x00000000b9680000)
}
Event: 28,410 GC heap before
{Heap before GC invocations=5 (full 0):
 PSYoungGen      total 35840K, used 35820K [0x00000000f0000000, 0x00000000f2780000, 0x0000000100000000)
  eden space 31232K, 100% used [0x00000000f0000000,0x00000000f1e80000,0x00000000f1e80000)
  from space 4608K, 99% used [0x00000000f2300000,0x00000000f277b3e8,0x00000000f2780000)
  to   space 4608K, 0% used [0x00000000f1e80000,0x00000000f1e80000,0x00000000f2300000)
 ParOldGen       total 79872K, used 7028K [0x00000000d0000000, 0x00000000d4e00000, 0x00000000f0000000)
  object space 79872K, 8% used [0x00000000d0000000,0x00000000d06dd018,0x00000000d4e00000)
 PSPermGen       total 27648K, used 27356K [0x00000000b8000000, 0x00000000b9b00000, 0x00000000d0000000)
  object space 27648K, 98% used [0x00000000b8000000,0x00000000b9ab70a8,0x00000000b9b00000)
Event: 28,511 GC heap after
Heap after GC invocations=5 (full 0):
 PSYoungGen      total 35840K, used 4593K [0x00000000f0000000, 0x00000000f4e00000, 0x0000000100000000)
  eden space 31232K, 0% used [0x00000000f0000000,0x00000000f0000000,0x00000000f1e80000)
  from space 4608K, 99% used [0x00000000f1e80000,0x00000000f22fc408,0x00000000f2300000)
  to   space 8704K, 0% used [0x00000000f4580000,0x00000000f4580000,0x00000000f4e00000)
 ParOldGen       total 79872K, used 11064K [0x00000000d0000000, 0x00000000d4e00000, 0x00000000f0000000)
  object space 79872K, 13% used [0x00000000d0000000,0x00000000d0ace200,0x00000000d4e00000)
 PSPermGen       total 27648K, used 27356K [0x00000000b8000000, 0x00000000b9b00000, 0x00000000d0000000)
  object space 27648K, 98% used [0x00000000b8000000,0x00000000b9ab70a8,0x00000000b9b00000)
}
Event: 29,657 GC heap before
{Heap before GC invocations=6 (full 0):
 PSYoungGen      total 35840K, used 35825K [0x00000000f0000000, 0x00000000f4e00000, 0x0000000100000000)
  eden space 31232K, 100% used [0x00000000f0000000,0x00000000f1e80000,0x00000000f1e80000)
  from space 4608K, 99% used [0x00000000f1e80000,0x00000000f22fc408,0x00000000f2300000)
  to   space 8704K, 0% used [0x00000000f4580000,0x00000000f4580000,0x00000000f4e00000)
 ParOldGen       total 79872K, used 11064K [0x00000000d0000000, 0x00000000d4e00000, 0x00000000f0000000)
  object space 79872K, 13% used [0x00000000d0000000,0x00000000d0ace200,0x00000000d4e00000)
 PSPermGen       total 27648K, used 27438K [0x00000000b8000000, 0x00000000b9b00000, 0x00000000d0000000)
  object space 27648K, 99% used [0x00000000b8000000,0x00000000b9acb848,0x00000000b9b00000)
Event: 29,689 GC heap after
Heap after GC invocations=6 (full 0):
 PSYoungGen      total 70656K, used 5297K [0x00000000f0000000, 0x00000000f4f00000, 0x0000000100000000)
  eden space 61952K, 0% used [0x00000000f0000000,0x00000000f0000000,0x00000000f3c80000)
  from space 8704K, 60% used [0x00000000f4580000,0x00000000f4aac408,0x00000000f4e00000)
  to   space 9216K, 0% used [0x00000000f3c80000,0x00000000f3c80000,0x00000000f4580000)
 ParOldGen       total 79872K, used 11064K [0x00000000d0000000, 0x00000000d4e00000, 0x00000000f0000000)
  object space 79872K, 13% used [0x00000000d0000000,0x00000000d0ace200,0x00000000d4e00000)
 PSPermGen       total 27648K, used 27438K [0x00000000b8000000, 0x00000000b9b00000, 0x00000000d0000000)
  object space 27648K, 99% used [0x00000000b8000000,0x00000000b9acb848,0x00000000b9b00000)
}
Event: 31,739 GC heap before
{Heap before GC invocations=7 (full 0):
 PSYoungGen      total 70656K, used 67249K [0x00000000f0000000, 0x00000000f4f00000, 0x0000000100000000)
  eden space 61952K, 100% used [0x00000000f0000000,0x00000000f3c80000,0x00000000f3c80000)
  from space 8704K, 60% used [0x00000000f4580000,0x00000000f4aac408,0x00000000f4e00000)
  to   space 9216K, 0% used [0x00000000f3c80000,0x00000000f3c80000,0x00000000f4580000)
 ParOldGen       total 79872K, used 11064K [0x00000000d0000000, 0x00000000d4e00000, 0x00000000f0000000)
  object space 79872K, 13% used [0x00000000d0000000,0x00000000d0ace200,0x00000000d4e00000)
 PSPermGen       total 28160K, used 27918K [0x00000000b8000000, 0x00000000b9b80000, 0x00000000d0000000)
  object space 28160K, 99% used [0x00000000b8000000,0x00000000b9b43898,0x00000000b9b80000)

