# JRE version: Java(TM) SE Runtime Environment (7.0_51-b13) (build 1.7.0_51-b13)
# Java VM: Java HotSpot(TM) 64-Bit Server VM (24.51-b03 mixed mode linux-amd64 compressed oops)
Heap
 PSYoungGen      total 592896K, used 0K [0x00000000d8e00000, 0x0000000100000000, 0x0000000100000000)
  eden space 544768K, 0% used [0x00000000d8e00000,0x00000000d8e00000,0x00000000fa200000)
  from space 48128K, 0% used [0x00000000fa200000,0x00000000fa200000,0x00000000fd100000)
  to   space 47616K, 0% used [0x00000000fd180000,0x00000000fd180000,0x0000000100000000)
 ParOldGen       total 143360K, used 137905K [0x000000008aa00000, 0x0000000093600000, 0x00000000d8e00000)
  object space 143360K, 96% used [0x000000008aa00000,0x00000000930ac750,0x0000000093600000)
 PSPermGen       total 83968K, used 73410K [0x0000000085800000, 0x000000008aa00000, 0x000000008aa00000)
  object space 83968K, 87% used [0x0000000085800000,0x0000000089fb0af8,0x000000008aa00000)
GC Heap History (10 events):
Event: 45,776 GC heap after
Heap after GC invocations=14 (full 1):
 PSYoungGen      total 590336K, used 0K [0x00000000d8e00000, 0x00000000ff680000, 0x0000000100000000)
  eden space 567808K, 0% used [0x00000000d8e00000,0x00000000d8e00000,0x00000000fb880000)
  from space 22528K, 0% used [0x00000000fd400000,0x00000000fd400000,0x00000000fea00000)
  to   space 12800K, 0% used [0x00000000fea00000,0x00000000fea00000,0x00000000ff680000)
 ParOldGen       total 139776K, used 72099K [0x000000008aa00000, 0x0000000093280000, 0x00000000d8e00000)
  object space 139776K, 51% used [0x000000008aa00000,0x000000008f068f00,0x0000000093280000)
 PSPermGen       total 83968K, used 56327K [0x0000000085800000, 0x000000008aa00000, 0x000000008aa00000)
  object space 83968K, 67% used [0x0000000085800000,0x0000000088f01e80,0x000000008aa00000)
}
Event: 55,353 GC heap before
{Heap before GC invocations=15 (full 1):
 PSYoungGen      total 590336K, used 567808K [0x00000000d8e00000, 0x00000000ff680000, 0x0000000100000000)
  eden space 567808K, 100% used [0x00000000d8e00000,0x00000000fb880000,0x00000000fb880000)
  from space 22528K, 0% used [0x00000000fd400000,0x00000000fd400000,0x00000000fea00000)
  to   space 12800K, 0% used [0x00000000fea00000,0x00000000fea00000,0x00000000ff680000)
 ParOldGen       total 139776K, used 72099K [0x000000008aa00000, 0x0000000093280000, 0x00000000d8e00000)
  object space 139776K, 51% used [0x000000008aa00000,0x000000008f068f00,0x0000000093280000)
 PSPermGen       total 83968K, used 56853K [0x0000000085800000, 0x000000008aa00000, 0x000000008aa00000)
  object space 83968K, 67% used [0x0000000085800000,0x0000000088f85450,0x000000008aa00000)
Event: 55,383 GC heap after
Heap after GC invocations=15 (full 1):
 PSYoungGen      total 585216K, used 12791K [0x00000000d8e00000, 0x0000000100000000, 0x0000000100000000)
  eden space 572416K, 0% used [0x00000000d8e00000,0x00000000d8e00000,0x00000000fbd00000)
  from space 12800K, 99% used [0x00000000fea00000,0x00000000ff67dc10,0x00000000ff680000)
  to   space 34304K, 0% used [0x00000000fbd00000,0x00000000fbd00000,0x00000000fde80000)
 ParOldGen       total 139776K, used 85812K [0x000000008aa00000, 0x0000000093280000, 0x00000000d8e00000)
  object space 139776K, 61% used [0x000000008aa00000,0x000000008fdcd190,0x0000000093280000)
 PSPermGen       total 83968K, used 56853K [0x0000000085800000, 0x000000008aa00000, 0x000000008aa00000)
  object space 83968K, 67% used [0x0000000085800000,0x0000000088f85450,0x000000008aa00000)
}
Event: 62,322 GC heap before
{Heap before GC invocations=16 (full 1):
 PSYoungGen      total 585216K, used 585207K [0x00000000d8e00000, 0x0000000100000000, 0x0000000100000000)
  eden space 572416K, 100% used [0x00000000d8e00000,0x00000000fbd00000,0x00000000fbd00000)
  from space 12800K, 99% used [0x00000000fea00000,0x00000000ff67dc10,0x00000000ff680000)
  to   space 34304K, 0% used [0x00000000fbd00000,0x00000000fbd00000,0x00000000fde80000)
 ParOldGen       total 139776K, used 85812K [0x000000008aa00000, 0x0000000093280000, 0x00000000d8e00000)
  object space 139776K, 61% used [0x000000008aa00000,0x000000008fdcd190,0x0000000093280000)
 PSPermGen       total 83968K, used 69083K [0x0000000085800000, 0x000000008aa00000, 0x000000008aa00000)
  object space 83968K, 82% used [0x0000000085800000,0x0000000089b76e10,0x000000008aa00000)
Event: 62,382 GC heap after
Heap after GC invocations=16 (full 1):
 PSYoungGen      total 606208K, used 33546K [0x00000000d8e00000, 0x0000000100000000, 0x0000000100000000)
  eden space 572416K, 0% used [0x00000000d8e00000,0x00000000d8e00000,0x00000000fbd00000)
  from space 33792K, 99% used [0x00000000fbd00000,0x00000000fddc2a38,0x00000000fde00000)
  to   space 34816K, 0% used [0x00000000fde00000,0x00000000fde00000,0x0000000100000000)
 ParOldGen       total 139776K, used 97401K [0x000000008aa00000, 0x0000000093280000, 0x00000000d8e00000)
  object space 139776K, 69% used [0x000000008aa00000,0x000000009091e6a8,0x0000000093280000)
 PSPermGen       total 83968K, used 69083K [0x0000000085800000, 0x000000008aa00000, 0x000000008aa00000)
  object space 83968K, 82% used [0x0000000085800000,0x0000000089b76e10,0x000000008aa00000)
}
Event: 68,738 GC heap before
{Heap before GC invocations=17 (full 1):
 PSYoungGen      total 606208K, used 605962K [0x00000000d8e00000, 0x0000000100000000, 0x0000000100000000)
  eden space 572416K, 100% used [0x00000000d8e00000,0x00000000fbd00000,0x00000000fbd00000)
  from space 33792K, 99% used [0x00000000fbd00000,0x00000000fddc2a38,0x00000000fde00000)
  to   space 34816K, 0% used [0x00000000fde00000,0x00000000fde00000,0x0000000100000000)
 ParOldGen       total 139776K, used 97401K [0x000000008aa00000, 0x0000000093280000, 0x00000000d8e00000)
  object space 139776K, 69% used [0x000000008aa00000,0x000000009091e6a8,0x0000000093280000)
 PSPermGen       total 83968K, used 72936K [0x0000000085800000, 0x000000008aa00000, 0x000000008aa00000)
  object space 83968K, 86% used [0x0000000085800000,0x0000000089f3a2a0,0x000000008aa00000)
Event: 68,802 GC heap after
Heap after GC invocations=17 (full 1):
 PSYoungGen      total 579584K, used 34790K [0x00000000d8e00000, 0x0000000100000000, 0x0000000100000000)
  eden space 544768K, 0% used [0x00000000d8e00000,0x00000000d8e00000,0x00000000fa200000)
  from space 34816K, 99% used [0x00000000fde00000,0x00000000ffff9900,0x0000000100000000)
  to   space 48128K, 0% used [0x00000000fa200000,0x00000000fa200000,0x00000000fd100000)
 ParOldGen       total 139776K, used 109427K [0x000000008aa00000, 0x0000000093280000, 0x00000000d8e00000)
  object space 139776K, 78% used [0x000000008aa00000,0x00000000914dcea8,0x0000000093280000)
 PSPermGen       total 83968K, used 72936K [0x0000000085800000, 0x000000008aa00000, 0x000000008aa00000)
  object space 83968K, 86% used [0x0000000085800000,0x0000000089f3a2a0,0x000000008aa00000)
}
Event: 79,356 GC heap before
{Heap before GC invocations=18 (full 1):
 PSYoungGen      total 579584K, used 579558K [0x00000000d8e00000, 0x0000000100000000, 0x0000000100000000)
  eden space 544768K, 100% used [0x00000000d8e00000,0x00000000fa200000,0x00000000fa200000)
  from space 34816K, 99% used [0x00000000fde00000,0x00000000ffff9900,0x0000000100000000)
  to   space 48128K, 0% used [0x00000000fa200000,0x00000000fa200000,0x00000000fd100000)
 ParOldGen       total 139776K, used 109427K [0x000000008aa00000, 0x0000000093280000, 0x00000000d8e00000)
  object space 139776K, 78% used [0x000000008aa00000,0x00000000914dcea8,0x0000000093280000)
 PSPermGen       total 83968K, used 73419K [0x0000000085800000, 0x000000008aa00000, 0x000000008aa00000)
  object space 83968K, 87% used [0x0000000085800000,0x0000000089fb2ed8,0x000000008aa00000)
Event: 79,446 GC heap after
Heap after GC invocations=18 (full 1):
 PSYoungGen      total 592896K, used 26137K [0x00000000d8e00000, 0x0000000100000000, 0x0000000100000000)
  eden space 544768K, 0% used [0x00000000d8e00000,0x00000000d8e00000,0x00000000fa200000)
  from space 48128K, 54% used [0x00000000fa200000,0x00000000fbb86770,0x00000000fd100000)
  to   space 47616K, 0% used [0x00000000fd180000,0x00000000fd180000,0x0000000100000000)
 ParOldGen       total 143360K, used 143354K [0x000000008aa00000, 0x0000000093600000, 0x00000000d8e00000)
  object space 143360K, 99% used [0x000000008aa00000,0x00000000935feb58,0x0000000093600000)
 PSPermGen       total 83968K, used 73419K [0x0000000085800000, 0x000000008aa00000, 0x000000008aa00000)
  object space 83968K, 87% used [0x0000000085800000,0x0000000089fb2ed8,0x000000008aa00000)
}
Event: 79,447 GC heap before
{Heap before GC invocations=19 (full 2):
 PSYoungGen      total 592896K, used 26137K [0x00000000d8e00000, 0x0000000100000000, 0x0000000100000000)
  eden space 544768K, 0% used [0x00000000d8e00000,0x00000000d8e00000,0x00000000fa200000)
  from space 48128K, 54% used [0x00000000fa200000,0x00000000fbb86770,0x00000000fd100000)
  to   space 47616K, 0% used [0x00000000fd180000,0x00000000fd180000,0x0000000100000000)
 ParOldGen       total 143360K, used 143354K [0x000000008aa00000, 0x0000000093600000, 0x00000000d8e00000)
  object space 143360K, 99% used [0x000000008aa00000,0x00000000935feb58,0x0000000093600000)
 PSPermGen       total 83968K, used 73419K [0x0000000085800000, 0x000000008aa00000, 0x000000008aa00000)
  object space 83968K, 87% used [0x0000000085800000,0x0000000089fb2ed8,0x000000008aa00000)

