# JRE version: Java(TM) SE Runtime Environment (7.0_51-b13) (build 1.7.0_51-b13)
# Java VM: Java HotSpot(TM) 64-Bit Server VM (24.51-b03 mixed mode linux-amd64 compressed oops)
Heap
 PSYoungGen      total 273920K, used 0K [0x00000000eaa80000, 0x0000000100000000, 0x0000000100000000)
  eden space 197120K, 0% used [0x00000000eaa80000,0x00000000eaa80000,0x00000000f6b00000)
  from space 76800K, 0% used [0x00000000fb500000,0x00000000fb500000,0x0000000100000000)
  to   space 75776K, 0% used [0x00000000f6b00000,0x00000000f6b00000,0x00000000fb500000)
 ParOldGen       total 699392K, used 74101K [0x00000000bff80000, 0x00000000eaa80000, 0x00000000eaa80000)
  object space 699392K, 10% used [0x00000000bff80000,0x00000000c47dd6a8,0x00000000eaa80000)
 PSPermGen       total 94720K, used 94135K [0x00000000aff80000, 0x00000000b5c00000, 0x00000000bff80000)
  object space 94720K, 99% used [0x00000000aff80000,0x00000000b5b6dc78,0x00000000b5c00000)
GC Heap History (10 events):
Event: 28,375 GC heap after
Heap after GC invocations=8 (full 0):
 PSYoungGen      total 271360K, used 9001K [0x00000000eaa80000, 0x0000000100000000, 0x0000000100000000)
  eden space 199168K, 0% used [0x00000000eaa80000,0x00000000eaa80000,0x00000000f6d00000)
  from space 72192K, 12% used [0x00000000fb980000,0x00000000fc24a698,0x0000000100000000)
  to   space 75264K, 0% used [0x00000000f6d00000,0x00000000f6d00000,0x00000000fb680000)
 ParOldGen       total 699392K, used 77787K [0x00000000bff80000, 0x00000000eaa80000, 0x00000000eaa80000)
  object space 699392K, 11% used [0x00000000bff80000,0x00000000c4b76fd0,0x00000000eaa80000)
 PSPermGen       total 81408K, used 81300K [0x00000000aff80000, 0x00000000b4f00000, 0x00000000bff80000)
  object space 81408K, 99% used [0x00000000aff80000,0x00000000b4ee52f0,0x00000000b4f00000)
}
Event: 29,201 GC heap before
{Heap before GC invocations=9 (full 0):
 PSYoungGen      total 271360K, used 208169K [0x00000000eaa80000, 0x0000000100000000, 0x0000000100000000)
  eden space 199168K, 100% used [0x00000000eaa80000,0x00000000f6d00000,0x00000000f6d00000)
  from space 72192K, 12% used [0x00000000fb980000,0x00000000fc24a698,0x0000000100000000)
  to   space 75264K, 0% used [0x00000000f6d00000,0x00000000f6d00000,0x00000000fb680000)
 ParOldGen       total 699392K, used 77787K [0x00000000bff80000, 0x00000000eaa80000, 0x00000000eaa80000)
  object space 699392K, 11% used [0x00000000bff80000,0x00000000c4b76fd0,0x00000000eaa80000)
 PSPermGen       total 81920K, used 81421K [0x00000000aff80000, 0x00000000b4f80000, 0x00000000bff80000)
  object space 81920K, 99% used [0x00000000aff80000,0x00000000b4f036d0,0x00000000b4f80000)
Event: 29,223 GC heap after
Heap after GC invocations=9 (full 0):
 PSYoungGen      total 203264K, used 4008K [0x00000000eaa80000, 0x0000000100000000, 0x0000000100000000)
  eden space 199168K, 0% used [0x00000000eaa80000,0x00000000eaa80000,0x00000000f6d00000)
  from space 4096K, 97% used [0x00000000f6d00000,0x00000000f70ea010,0x00000000f7100000)
  to   space 77312K, 0% used [0x00000000fb480000,0x00000000fb480000,0x0000000100000000)
 ParOldGen       total 699392K, used 83130K [0x00000000bff80000, 0x00000000eaa80000, 0x00000000eaa80000)
  object space 699392K, 11% used [0x00000000bff80000,0x00000000c50ae8e0,0x00000000eaa80000)
 PSPermGen       total 81920K, used 81421K [0x00000000aff80000, 0x00000000b4f80000, 0x00000000bff80000)
  object space 81920K, 99% used [0x00000000aff80000,0x00000000b4f036d0,0x00000000b4f80000)
}
Event: 30,542 GC heap before
{Heap before GC invocations=10 (full 0):
 PSYoungGen      total 203264K, used 203176K [0x00000000eaa80000, 0x0000000100000000, 0x0000000100000000)
  eden space 199168K, 100% used [0x00000000eaa80000,0x00000000f6d00000,0x00000000f6d00000)
  from space 4096K, 97% used [0x00000000f6d00000,0x00000000f70ea010,0x00000000f7100000)
  to   space 77312K, 0% used [0x00000000fb480000,0x00000000fb480000,0x0000000100000000)
 ParOldGen       total 699392K, used 83130K [0x00000000bff80000, 0x00000000eaa80000, 0x00000000eaa80000)
  object space 699392K, 11% used [0x00000000bff80000,0x00000000c50ae8e0,0x00000000eaa80000)
 PSPermGen       total 82432K, used 82421K [0x00000000aff80000, 0x00000000b5000000, 0x00000000bff80000)
  object space 82432K, 99% used [0x00000000aff80000,0x00000000b4ffd5e0,0x00000000b5000000)
Event: 30,555 GC heap after
Heap after GC invocations=10 (full 0):
 PSYoungGen      total 269312K, used 2326K [0x00000000eaa80000, 0x0000000100000000, 0x0000000100000000)
  eden space 192000K, 0% used [0x00000000eaa80000,0x00000000eaa80000,0x00000000f6600000)
  from space 77312K, 3% used [0x00000000fb480000,0x00000000fb6c5a70,0x0000000100000000)
  to   space 78848K, 0% used [0x00000000f6600000,0x00000000f6600000,0x00000000fb300000)
 ParOldGen       total 699392K, used 86534K [0x00000000bff80000, 0x00000000eaa80000, 0x00000000eaa80000)
  object space 699392K, 12% used [0x00000000bff80000,0x00000000c5401948,0x00000000eaa80000)
 PSPermGen       total 82432K, used 82421K [0x00000000aff80000, 0x00000000b5000000, 0x00000000bff80000)
  object space 82432K, 99% used [0x00000000aff80000,0x00000000b4ffd5e0,0x00000000b5000000)
}
Event: 61,056 GC heap before
{Heap before GC invocations=11 (full 0):
 PSYoungGen      total 269312K, used 194326K [0x00000000eaa80000, 0x0000000100000000, 0x0000000100000000)
  eden space 192000K, 100% used [0x00000000eaa80000,0x00000000f6600000,0x00000000f6600000)
  from space 77312K, 3% used [0x00000000fb480000,0x00000000fb6c5a70,0x0000000100000000)
  to   space 78848K, 0% used [0x00000000f6600000,0x00000000f6600000,0x00000000fb300000)
 ParOldGen       total 699392K, used 86534K [0x00000000bff80000, 0x00000000eaa80000, 0x00000000eaa80000)
  object space 699392K, 12% used [0x00000000bff80000,0x00000000c5401948,0x00000000eaa80000)
 PSPermGen       total 93696K, used 93220K [0x00000000aff80000, 0x00000000b5b00000, 0x00000000bff80000)
  object space 93696K, 99% used [0x00000000aff80000,0x00000000b5a89320,0x00000000b5b00000)
Event: 61,086 GC heap after
Heap after GC invocations=11 (full 0):
 PSYoungGen      total 270848K, used 15723K [0x00000000eaa80000, 0x0000000100000000, 0x0000000100000000)
  eden space 192000K, 0% used [0x00000000eaa80000,0x00000000eaa80000,0x00000000f6600000)
  from space 78848K, 19% used [0x00000000f6600000,0x00000000f755afa8,0x00000000fb300000)
  to   space 76800K, 0% used [0x00000000fb500000,0x00000000fb500000,0x0000000100000000)
 ParOldGen       total 699392K, used 88254K [0x00000000bff80000, 0x00000000eaa80000, 0x00000000eaa80000)
  object space 699392K, 12% used [0x00000000bff80000,0x00000000c55af948,0x00000000eaa80000)
 PSPermGen       total 93696K, used 93220K [0x00000000aff80000, 0x00000000b5b00000, 0x00000000bff80000)
  object space 93696K, 99% used [0x00000000aff80000,0x00000000b5a89320,0x00000000b5b00000)
}
Event: 68,251 GC heap before
{Heap before GC invocations=12 (full 0):
 PSYoungGen      total 270848K, used 90692K [0x00000000eaa80000, 0x0000000100000000, 0x0000000100000000)
  eden space 192000K, 39% used [0x00000000eaa80000,0x00000000ef3b62f0,0x00000000f6600000)
  from space 78848K, 19% used [0x00000000f6600000,0x00000000f755afa8,0x00000000fb300000)
  to   space 76800K, 0% used [0x00000000fb500000,0x00000000fb500000,0x0000000100000000)
 ParOldGen       total 699392K, used 88254K [0x00000000bff80000, 0x00000000eaa80000, 0x00000000eaa80000)
  object space 699392K, 12% used [0x00000000bff80000,0x00000000c55af948,0x00000000eaa80000)
 PSPermGen       total 94720K, used 94305K [0x00000000aff80000, 0x00000000b5c00000, 0x00000000bff80000)
  object space 94720K, 99% used [0x00000000aff80000,0x00000000b5b98658,0x00000000b5c00000)
Event: 68,313 GC heap after
Heap after GC invocations=12 (full 0):
 PSYoungGen      total 273920K, used 6654K [0x00000000eaa80000, 0x0000000100000000, 0x0000000100000000)
  eden space 197120K, 0% used [0x00000000eaa80000,0x00000000eaa80000,0x00000000f6b00000)
  from space 76800K, 8% used [0x00000000fb500000,0x00000000fbb7f890,0x0000000100000000)
  to   space 75776K, 0% used [0x00000000f6b00000,0x00000000f6b00000,0x00000000fb500000)
 ParOldGen       total 699392K, used 95181K [0x00000000bff80000, 0x00000000eaa80000, 0x00000000eaa80000)
  object space 699392K, 13% used [0x00000000bff80000,0x00000000c5c73790,0x00000000eaa80000)
 PSPermGen       total 94720K, used 94305K [0x00000000aff80000, 0x00000000b5c00000, 0x00000000bff80000)
  object space 94720K, 99% used [0x00000000aff80000,0x00000000b5b98658,0x00000000b5c00000)
}
Event: 68,315 GC heap before
{Heap before GC invocations=13 (full 1):
 PSYoungGen      total 273920K, used 6654K [0x00000000eaa80000, 0x0000000100000000, 0x0000000100000000)
  eden space 197120K, 0% used [0x00000000eaa80000,0x00000000eaa80000,0x00000000f6b00000)
  from space 76800K, 8% used [0x00000000fb500000,0x00000000fbb7f890,0x0000000100000000)
  to   space 75776K, 0% used [0x00000000f6b00000,0x00000000f6b00000,0x00000000fb500000)
 ParOldGen       total 699392K, used 95181K [0x00000000bff80000, 0x00000000eaa80000, 0x00000000eaa80000)
  object space 699392K, 13% used [0x00000000bff80000,0x00000000c5c73790,0x00000000eaa80000)
 PSPermGen       total 94720K, used 94305K [0x00000000aff80000, 0x00000000b5c00000, 0x00000000bff80000)
  object space 94720K, 99% used [0x00000000aff80000,0x00000000b5b98658,0x00000000b5c00000)

