# JRE version: Java(TM) SE Runtime Environment (7.0_51-b13) (build 1.7.0_51-b13)
# Java VM: Java HotSpot(TM) 64-Bit Server VM (24.51-b03 mixed mode linux-amd64 compressed oops)
Heap
 PSYoungGen      total 320512K, used 0K [0x00000000eaa80000, 0x0000000100000000, 0x0000000100000000)
  eden space 303104K, 0% used [0x00000000eaa80000,0x00000000eaa80000,0x00000000fd280000)
  from space 17408K, 0% used [0x00000000fd280000,0x00000000fd280000,0x00000000fe380000)
  to   space 25088K, 0% used [0x00000000fe780000,0x00000000fe780000,0x0000000100000000)
 ParOldGen       total 699392K, used 156348K [0x00000000bff80000, 0x00000000eaa80000, 0x00000000eaa80000)
  object space 699392K, 22% used [0x00000000bff80000,0x00000000c982f098,0x00000000eaa80000)
 PSPermGen       total 124928K, used 121882K [0x00000000aff80000, 0x00000000b7980000, 0x00000000bff80000)
  object space 124928K, 97% used [0x00000000aff80000,0x00000000b7686848,0x00000000b7980000)
GC Heap History (10 events):
Event: 2059,917 GC heap after
Heap after GC invocations=39 (full 0):
 PSYoungGen      total 324096K, used 13977K [0x00000000eaa80000, 0x0000000100000000, 0x0000000100000000)
  eden space 299008K, 0% used [0x00000000eaa80000,0x00000000eaa80000,0x00000000fce80000)
  from space 25088K, 55% used [0x00000000fce80000,0x00000000fdc26458,0x00000000fe700000)
  to   space 25600K, 0% used [0x00000000fe700000,0x00000000fe700000,0x0000000100000000)
 ParOldGen       total 699392K, used 152703K [0x00000000bff80000, 0x00000000eaa80000, 0x00000000eaa80000)
  object space 699392K, 21% used [0x00000000bff80000,0x00000000c949fdb0,0x00000000eaa80000)
 PSPermGen       total 122368K, used 122272K [0x00000000aff80000, 0x00000000b7700000, 0x00000000bff80000)
  object space 122368K, 99% used [0x00000000aff80000,0x00000000b76e83f0,0x00000000b7700000)
}
Event: 2061,092 GC heap before
{Heap before GC invocations=40 (full 0):
 PSYoungGen      total 324096K, used 312985K [0x00000000eaa80000, 0x0000000100000000, 0x0000000100000000)
  eden space 299008K, 100% used [0x00000000eaa80000,0x00000000fce80000,0x00000000fce80000)
  from space 25088K, 55% used [0x00000000fce80000,0x00000000fdc26458,0x00000000fe700000)
  to   space 25600K, 0% used [0x00000000fe700000,0x00000000fe700000,0x0000000100000000)
 ParOldGen       total 699392K, used 152703K [0x00000000bff80000, 0x00000000eaa80000, 0x00000000eaa80000)
  object space 699392K, 21% used [0x00000000bff80000,0x00000000c949fdb0,0x00000000eaa80000)
 PSPermGen       total 123392K, used 123234K [0x00000000aff80000, 0x00000000b7800000, 0x00000000bff80000)
  object space 123392K, 99% used [0x00000000aff80000,0x00000000b77d88c8,0x00000000b7800000)
Event: 2061,108 GC heap after
Heap after GC invocations=40 (full 0):
 PSYoungGen      total 324608K, used 1312K [0x00000000eaa80000, 0x0000000100000000, 0x0000000100000000)
  eden space 299008K, 0% used [0x00000000eaa80000,0x00000000eaa80000,0x00000000fce80000)
  from space 25600K, 5% used [0x00000000fe700000,0x00000000fe848000,0x0000000100000000)
  to   space 25088K, 0% used [0x00000000fce80000,0x00000000fce80000,0x00000000fe700000)
 ParOldGen       total 699392K, used 163856K [0x00000000bff80000, 0x00000000eaa80000, 0x00000000eaa80000)
  object space 699392K, 23% used [0x00000000bff80000,0x00000000c9f841f0,0x00000000eaa80000)
 PSPermGen       total 123392K, used 123234K [0x00000000aff80000, 0x00000000b7800000, 0x00000000bff80000)
  object space 123392K, 99% used [0x00000000aff80000,0x00000000b77d88c8,0x00000000b7800000)
}
Event: 2062,036 GC heap before
{Heap before GC invocations=41 (full 0):
 PSYoungGen      total 324608K, used 300320K [0x00000000eaa80000, 0x0000000100000000, 0x0000000100000000)
  eden space 299008K, 100% used [0x00000000eaa80000,0x00000000fce80000,0x00000000fce80000)
  from space 25600K, 5% used [0x00000000fe700000,0x00000000fe848000,0x0000000100000000)
  to   space 25088K, 0% used [0x00000000fce80000,0x00000000fce80000,0x00000000fe700000)
 ParOldGen       total 699392K, used 163856K [0x00000000bff80000, 0x00000000eaa80000, 0x00000000eaa80000)
  object space 699392K, 23% used [0x00000000bff80000,0x00000000c9f841f0,0x00000000eaa80000)
 PSPermGen       total 123392K, used 123390K [0x00000000aff80000, 0x00000000b7800000, 0x00000000bff80000)
  object space 123392K, 99% used [0x00000000aff80000,0x00000000b77ff8e8,0x00000000b7800000)
Event: 2062,043 GC heap after
Heap after GC invocations=41 (full 0):
 PSYoungGen      total 324096K, used 992K [0x00000000eaa80000, 0x0000000100000000, 0x0000000100000000)
  eden space 299008K, 0% used [0x00000000eaa80000,0x00000000eaa80000,0x00000000fce80000)
  from space 25088K, 3% used [0x00000000fce80000,0x00000000fcf78000,0x00000000fe700000)
  to   space 24064K, 0% used [0x00000000fe880000,0x00000000fe880000,0x0000000100000000)
 ParOldGen       total 699392K, used 164704K [0x00000000bff80000, 0x00000000eaa80000, 0x00000000eaa80000)
  object space 699392K, 23% used [0x00000000bff80000,0x00000000ca0581f0,0x00000000eaa80000)
 PSPermGen       total 123392K, used 123390K [0x00000000aff80000, 0x00000000b7800000, 0x00000000bff80000)
  object space 123392K, 99% used [0x00000000aff80000,0x00000000b77ff8e8,0x00000000b7800000)
}
Event: 2064,818 GC heap before
{Heap before GC invocations=42 (full 0):
 PSYoungGen      total 324096K, used 300000K [0x00000000eaa80000, 0x0000000100000000, 0x0000000100000000)
  eden space 299008K, 100% used [0x00000000eaa80000,0x00000000fce80000,0x00000000fce80000)
  from space 25088K, 3% used [0x00000000fce80000,0x00000000fcf78000,0x00000000fe700000)
  to   space 24064K, 0% used [0x00000000fe880000,0x00000000fe880000,0x0000000100000000)
 ParOldGen       total 699392K, used 164704K [0x00000000bff80000, 0x00000000eaa80000, 0x00000000eaa80000)
  object space 699392K, 23% used [0x00000000bff80000,0x00000000ca0581f0,0x00000000eaa80000)
 PSPermGen       total 124416K, used 124301K [0x00000000aff80000, 0x00000000b7900000, 0x00000000bff80000)
  object space 124416K, 99% used [0x00000000aff80000,0x00000000b78e3760,0x00000000b7900000)
Event: 2064,837 GC heap after
Heap after GC invocations=42 (full 0):
 PSYoungGen      total 327168K, used 6260K [0x00000000eaa80000, 0x0000000100000000, 0x0000000100000000)
  eden space 303104K, 0% used [0x00000000eaa80000,0x00000000eaa80000,0x00000000fd280000)
  from space 24064K, 26% used [0x00000000fe880000,0x00000000fee9d038,0x0000000100000000)
  to   space 22528K, 0% used [0x00000000fd280000,0x00000000fd280000,0x00000000fe880000)
 ParOldGen       total 699392K, used 165632K [0x00000000bff80000, 0x00000000eaa80000, 0x00000000eaa80000)
  object space 699392K, 23% used [0x00000000bff80000,0x00000000ca1401f0,0x00000000eaa80000)
 PSPermGen       total 124416K, used 124301K [0x00000000aff80000, 0x00000000b7900000, 0x00000000bff80000)
  object space 124416K, 99% used [0x00000000aff80000,0x00000000b78e3760,0x00000000b7900000)
}
Event: 2098,770 GC heap before
{Heap before GC invocations=43 (full 0):
 PSYoungGen      total 327168K, used 168114K [0x00000000eaa80000, 0x0000000100000000, 0x0000000100000000)
  eden space 303104K, 53% used [0x00000000eaa80000,0x00000000f488f7e0,0x00000000fd280000)
  from space 24064K, 26% used [0x00000000fe880000,0x00000000fee9d038,0x0000000100000000)
  to   space 22528K, 0% used [0x00000000fd280000,0x00000000fd280000,0x00000000fe880000)
 ParOldGen       total 699392K, used 165632K [0x00000000bff80000, 0x00000000eaa80000, 0x00000000eaa80000)
  object space 699392K, 23% used [0x00000000bff80000,0x00000000ca1401f0,0x00000000eaa80000)
 PSPermGen       total 124928K, used 124595K [0x00000000aff80000, 0x00000000b7980000, 0x00000000bff80000)
  object space 124928K, 99% used [0x00000000aff80000,0x00000000b792ced8,0x00000000b7980000)
Event: 2098,810 GC heap after
Heap after GC invocations=43 (full 0):
 PSYoungGen      total 320512K, used 17116K [0x00000000eaa80000, 0x0000000100000000, 0x0000000100000000)
  eden space 303104K, 0% used [0x00000000eaa80000,0x00000000eaa80000,0x00000000fd280000)
  from space 17408K, 98% used [0x00000000fd280000,0x00000000fe3372e8,0x00000000fe380000)
  to   space 25088K, 0% used [0x00000000fe780000,0x00000000fe780000,0x0000000100000000)
 ParOldGen       total 699392K, used 195727K [0x00000000bff80000, 0x00000000eaa80000, 0x00000000eaa80000)
  object space 699392K, 27% used [0x00000000bff80000,0x00000000cbea3d60,0x00000000eaa80000)
 PSPermGen       total 124928K, used 124595K [0x00000000aff80000, 0x00000000b7980000, 0x00000000bff80000)
  object space 124928K, 99% used [0x00000000aff80000,0x00000000b792ced8,0x00000000b7980000)
}
Event: 2098,810 GC heap before
{Heap before GC invocations=44 (full 1):
 PSYoungGen      total 320512K, used 17116K [0x00000000eaa80000, 0x0000000100000000, 0x0000000100000000)
  eden space 303104K, 0% used [0x00000000eaa80000,0x00000000eaa80000,0x00000000fd280000)
  from space 17408K, 98% used [0x00000000fd280000,0x00000000fe3372e8,0x00000000fe380000)
  to   space 25088K, 0% used [0x00000000fe780000,0x00000000fe780000,0x0000000100000000)
 ParOldGen       total 699392K, used 195727K [0x00000000bff80000, 0x00000000eaa80000, 0x00000000eaa80000)
  object space 699392K, 27% used [0x00000000bff80000,0x00000000cbea3d60,0x00000000eaa80000)
 PSPermGen       total 124928K, used 124595K [0x00000000aff80000, 0x00000000b7980000, 0x00000000bff80000)
  object space 124928K, 99% used [0x00000000aff80000,0x00000000b792ced8,0x00000000b7980000)

