# JRE version: Java(TM) SE Runtime Environment (7.0_60-b19) (build 1.7.0_60-b19)
# Java VM: Java HotSpot(TM) 64-Bit Server VM (24.60-b09 mixed mode bsd-amd64 compressed oops)
Heap
 PSYoungGen      total 442368K, used 294321K [0x00000007d5500000, 0x00000007fb800000, 0x0000000800000000)
  eden space 439296K, 66% used [0x00000007d5500000,0x00000007e71e06a8,0x00000007f0200000)
  from space 3072K, 84% used [0x00000007f1000000,0x00000007f128c0b0,0x00000007f1300000)
  to   space 93184K, 0% used [0x00000007f5d00000,0x00000007f5d00000,0x00000007fb800000)
 ParOldGen       total 699392K, used 206946K [0x0000000780000000, 0x00000007aab00000, 0x00000007d5500000)
  object space 699392K, 29% used [0x0000000780000000,0x000000078ca18990,0x00000007aab00000)
 PSPermGen       total 2097152K, used 146154K [0x0000000700000000, 0x0000000780000000, 0x0000000780000000)
  object space 2097152K, 6% used [0x0000000700000000,0x0000000708eba860,0x0000000780000000)
GC Heap History (10 events):
Event: 9843.313 GC heap before
{Heap before GC invocations=13 (full 0):
 PSYoungGen      total 589312K, used 584903K [0x00000007d5500000, 0x0000000800000000, 0x0000000800000000)
  eden space 517120K, 100% used [0x00000007d5500000,0x00000007f4e00000,0x00000007f4e00000)
  from space 72192K, 93% used [0x00000007fb980000,0x00000007ffbb1d88,0x0000000800000000)
  to   space 91136K, 0% used [0x00000007f4e00000,0x00000007f4e00000,0x00000007fa700000)
 ParOldGen       total 699392K, used 173802K [0x0000000780000000, 0x00000007aab00000, 0x00000007d5500000)
  object space 699392K, 24% used [0x0000000780000000,0x000000078a9baa00,0x00000007aab00000)
 PSPermGen       total 2097152K, used 136607K [0x0000000700000000, 0x0000000780000000, 0x0000000780000000)
  object space 2097152K, 6% used [0x0000000700000000,0x0000000708567c10,0x0000000780000000)
Event: 9843.384 GC heap after
Heap after GC invocations=13 (full 0):
 PSYoungGen      total 512000K, used 11299K [0x00000007d5500000, 0x00000007ff380000, 0x0000000800000000)
  eden space 500224K, 0% used [0x00000007d5500000,0x00000007d5500000,0x00000007f3d80000)
  from space 11776K, 95% used [0x00000007f4e00000,0x00000007f5908e80,0x00000007f5980000)
  to   space 93184K, 0% used [0x00000007f9880000,0x00000007f9880000,0x00000007ff380000)
 ParOldGen       total 699392K, used 185685K [0x0000000780000000, 0x00000007aab00000, 0x00000007d5500000)
  object space 699392K, 26% used [0x0000000780000000,0x000000078b5556d0,0x00000007aab00000)
 PSPermGen       total 2097152K, used 136607K [0x0000000700000000, 0x0000000780000000, 0x0000000780000000)
  object space 2097152K, 6% used [0x0000000700000000,0x0000000708567c10,0x0000000780000000)
}
Event: 9866.634 GC heap before
{Heap before GC invocations=14 (full 0):
 PSYoungGen      total 512000K, used 511523K [0x00000007d5500000, 0x00000007ff380000, 0x0000000800000000)
  eden space 500224K, 100% used [0x00000007d5500000,0x00000007f3d80000,0x00000007f3d80000)
  from space 11776K, 95% used [0x00000007f4e00000,0x00000007f5908e80,0x00000007f5980000)
  to   space 93184K, 0% used [0x00000007f9880000,0x00000007f9880000,0x00000007ff380000)
 ParOldGen       total 699392K, used 185685K [0x0000000780000000, 0x00000007aab00000, 0x00000007d5500000)
  object space 699392K, 26% used [0x0000000780000000,0x000000078b5556d0,0x00000007aab00000)
 PSPermGen       total 2097152K, used 138882K [0x0000000700000000, 0x0000000780000000, 0x0000000780000000)
  object space 2097152K, 6% used [0x0000000700000000,0x00000007087a09b8,0x0000000780000000)
Event: 9866.664 GC heap after
Heap after GC invocations=14 (full 0):
 PSYoungGen      total 563712K, used 6526K [0x00000007d5500000, 0x00000007fe680000, 0x0000000800000000)
  eden space 483840K, 0% used [0x00000007d5500000,0x00000007d5500000,0x00000007f2d80000)
  from space 79872K, 8% used [0x00000007f9880000,0x00000007f9edfbc0,0x00000007fe680000)
  to   space 94720K, 0% used [0x00000007f2d80000,0x00000007f2d80000,0x00000007f8a00000)
 ParOldGen       total 699392K, used 190026K [0x0000000780000000, 0x00000007aab00000, 0x00000007d5500000)
  object space 699392K, 27% used [0x0000000780000000,0x000000078b992888,0x00000007aab00000)
 PSPermGen       total 2097152K, used 138882K [0x0000000700000000, 0x0000000780000000, 0x0000000780000000)
  object space 2097152K, 6% used [0x0000000700000000,0x00000007087a09b8,0x0000000780000000)
}
Event: 9881.627 GC heap before
{Heap before GC invocations=15 (full 0):
 PSYoungGen      total 563712K, used 490366K [0x00000007d5500000, 0x00000007fe680000, 0x0000000800000000)
  eden space 483840K, 100% used [0x00000007d5500000,0x00000007f2d80000,0x00000007f2d80000)
  from space 79872K, 8% used [0x00000007f9880000,0x00000007f9edfbc0,0x00000007fe680000)
  to   space 94720K, 0% used [0x00000007f2d80000,0x00000007f2d80000,0x00000007f8a00000)
 ParOldGen       total 699392K, used 190026K [0x0000000780000000, 0x00000007aab00000, 0x00000007d5500000)
  object space 699392K, 27% used [0x0000000780000000,0x000000078b992888,0x00000007aab00000)
 PSPermGen       total 2097152K, used 141604K [0x0000000700000000, 0x0000000780000000, 0x0000000780000000)
  object space 2097152K, 6% used [0x0000000700000000,0x0000000708a493f0,0x0000000780000000)
Event: 9881.679 GC heap after
Heap after GC invocations=15 (full 0):
 PSYoungGen      total 486400K, used 17578K [0x00000007d5500000, 0x00000007fd480000, 0x0000000800000000)
  eden space 468480K, 0% used [0x00000007d5500000,0x00000007d5500000,0x00000007f1e80000)
  from space 17920K, 98% used [0x00000007f2d80000,0x00000007f3eaab18,0x00000007f3f00000)
  to   space 93184K, 0% used [0x00000007f7980000,0x00000007f7980000,0x00000007fd480000)
 ParOldGen       total 699392K, used 191308K [0x0000000780000000, 0x00000007aab00000, 0x00000007d5500000)
  object space 699392K, 27% used [0x0000000780000000,0x000000078bad3038,0x00000007aab00000)
 PSPermGen       total 2097152K, used 141604K [0x0000000700000000, 0x0000000780000000, 0x0000000780000000)
  object space 2097152K, 6% used [0x0000000700000000,0x0000000708a493f0,0x0000000780000000)
}
Event: 9885.552 GC heap before
{Heap before GC invocations=16 (full 0):
 PSYoungGen      total 486400K, used 486058K [0x00000007d5500000, 0x00000007fd480000, 0x0000000800000000)
  eden space 468480K, 100% used [0x00000007d5500000,0x00000007f1e80000,0x00000007f1e80000)
  from space 17920K, 98% used [0x00000007f2d80000,0x00000007f3eaab18,0x00000007f3f00000)
  to   space 93184K, 0% used [0x00000007f7980000,0x00000007f7980000,0x00000007fd480000)
 ParOldGen       total 699392K, used 191308K [0x0000000780000000, 0x00000007aab00000, 0x00000007d5500000)
  object space 699392K, 27% used [0x0000000780000000,0x000000078bad3038,0x00000007aab00000)
 PSPermGen       total 2097152K, used 142569K [0x0000000700000000, 0x0000000780000000, 0x0000000780000000)
  object space 2097152K, 6% used [0x0000000700000000,0x0000000708b3a6b0,0x0000000780000000)
Event: 9885.640 GC heap after
Heap after GC invocations=16 (full 0):
 PSYoungGen      total 532992K, used 1728K [0x00000007d5500000, 0x00000007fc700000, 0x0000000800000000)
  eden space 453632K, 0% used [0x00000007d5500000,0x00000007d5500000,0x00000007f1000000)
  from space 79360K, 2% used [0x00000007f7980000,0x00000007f7b30000,0x00000007fc700000)
  to   space 93696K, 0% used [0x00000007f1000000,0x00000007f1000000,0x00000007f6b80000)
 ParOldGen       total 699392K, used 205894K [0x0000000780000000, 0x00000007aab00000, 0x00000007d5500000)
  object space 699392K, 29% used [0x0000000780000000,0x000000078c911980,0x00000007aab00000)
 PSPermGen       total 2097152K, used 142569K [0x0000000700000000, 0x0000000780000000, 0x0000000780000000)
  object space 2097152K, 6% used [0x0000000700000000,0x0000000708b3a6b0,0x0000000780000000)
}
Event: 10588.734 GC heap before
{Heap before GC invocations=17 (full 0):
 PSYoungGen      total 532992K, used 455360K [0x00000007d5500000, 0x00000007fc700000, 0x0000000800000000)
  eden space 453632K, 100% used [0x00000007d5500000,0x00000007f1000000,0x00000007f1000000)
  from space 79360K, 2% used [0x00000007f7980000,0x00000007f7b30000,0x00000007fc700000)
  to   space 93696K, 0% used [0x00000007f1000000,0x00000007f1000000,0x00000007f6b80000)
 ParOldGen       total 699392K, used 205894K [0x0000000780000000, 0x00000007aab00000, 0x00000007d5500000)
  object space 699392K, 29% used [0x0000000780000000,0x000000078c911980,0x00000007aab00000)
 PSPermGen       total 2097152K, used 143248K [0x0000000700000000, 0x0000000780000000, 0x0000000780000000)
  object space 2097152K, 6% used [0x0000000700000000,0x0000000708be4118,0x0000000780000000)
Event: 10588.751 GC heap after
Heap after GC invocations=17 (full 0):
 PSYoungGen      total 442368K, used 2608K [0x00000007d5500000, 0x00000007fb800000, 0x0000000800000000)
  eden space 439296K, 0% used [0x00000007d5500000,0x00000007d5500000,0x00000007f0200000)
  from space 3072K, 84% used [0x00000007f1000000,0x00000007f128c0b0,0x00000007f1300000)
  to   space 93184K, 0% used [0x00000007f5d00000,0x00000007f5d00000,0x00000007fb800000)
 ParOldGen       total 699392K, used 206946K [0x0000000780000000, 0x00000007aab00000, 0x00000007d5500000)
  object space 699392K, 29% used [0x0000000780000000,0x000000078ca18990,0x00000007aab00000)
 PSPermGen       total 2097152K, used 143248K [0x0000000700000000, 0x0000000780000000, 0x0000000780000000)
  object space 2097152K, 6% used [0x0000000700000000,0x0000000708be4118,0x0000000780000000)
}

