# JRE version: Java(TM) SE Runtime Environment (7.0_51-b13) (build 1.7.0_51-b13)
# Java VM: Java HotSpot(TM) 64-Bit Server VM (24.51-b03 mixed mode linux-amd64 compressed oops)
Heap
 PSYoungGen      total 26624K, used 2537K [0x00000000d8e00000, 0x00000000dab00000, 0x0000000100000000)
  eden space 24064K, 0% used [0x00000000d8e00000,0x00000000d8e00000,0x00000000da580000)
  from space 2560K, 99% used [0x00000000da580000,0x00000000da7fa588,0x00000000da800000)
  to   space 2048K, 0% used [0x00000000da800000,0x00000000da800000,0x00000000daa00000)
 ParOldGen       total 14848K, used 14454K [0x000000008aa00000, 0x000000008b880000, 0x00000000d8e00000)
  object space 14848K, 97% used [0x000000008aa00000,0x000000008b81daa0,0x000000008b880000)
 PSPermGen       total 21504K, used 6346K [0x0000000085800000, 0x0000000086d00000, 0x000000008aa00000)
  object space 21504K, 29% used [0x0000000085800000,0x0000000085e32b00,0x0000000086d00000)
GC Heap History (10 events):
Event: 0,711 GC heap after
Heap after GC invocations=4 (full 0):
 PSYoungGen      total 6656K, used 496K [0x00000000d8e00000, 0x00000000d9500000, 0x0000000100000000)
  eden space 6144K, 0% used [0x00000000d8e00000,0x00000000d8e00000,0x00000000d9400000)
  from space 512K, 96% used [0x00000000d9480000,0x00000000d94fc020,0x00000000d9500000)
  to   space 512K, 0% used [0x00000000d9400000,0x00000000d9400000,0x00000000d9480000)
 ParOldGen       total 5632K, used 1610K [0x000000008aa00000, 0x000000008af80000, 0x00000000d8e00000)
  object space 5632K, 28% used [0x000000008aa00000,0x000000008ab92bd0,0x000000008af80000)
 PSPermGen       total 21504K, used 5846K [0x0000000085800000, 0x0000000086d00000, 0x000000008aa00000)
  object space 21504K, 27% used [0x0000000085800000,0x0000000085db5b48,0x0000000086d00000)
}
Event: 0,797 GC heap before
{Heap before GC invocations=5 (full 0):
 PSYoungGen      total 6656K, used 6625K [0x00000000d8e00000, 0x00000000d9500000, 0x0000000100000000)
  eden space 6144K, 99% used [0x00000000d8e00000,0x00000000d93fc680,0x00000000d9400000)
  from space 512K, 96% used [0x00000000d9480000,0x00000000d94fc020,0x00000000d9500000)
  to   space 512K, 0% used [0x00000000d9400000,0x00000000d9400000,0x00000000d9480000)
 ParOldGen       total 5632K, used 1610K [0x000000008aa00000, 0x000000008af80000, 0x00000000d8e00000)
  object space 5632K, 28% used [0x000000008aa00000,0x000000008ab92bd0,0x000000008af80000)
 PSPermGen       total 21504K, used 5856K [0x0000000085800000, 0x0000000086d00000, 0x000000008aa00000)
  object space 21504K, 27% used [0x0000000085800000,0x0000000085db8318,0x0000000086d00000)
Event: 0,801 GC heap after
Heap after GC invocations=5 (full 0):
 PSYoungGen      total 6656K, used 487K [0x00000000d8e00000, 0x00000000d9e00000, 0x0000000100000000)
  eden space 6144K, 0% used [0x00000000d8e00000,0x00000000d8e00000,0x00000000d9400000)
  from space 512K, 95% used [0x00000000d9400000,0x00000000d9479f58,0x00000000d9480000)
  to   space 2048K, 0% used [0x00000000d9c00000,0x00000000d9c00000,0x00000000d9e00000)
 ParOldGen       total 5632K, used 3225K [0x000000008aa00000, 0x000000008af80000, 0x00000000d8e00000)
  object space 5632K, 57% used [0x000000008aa00000,0x000000008ad266f0,0x000000008af80000)
 PSPermGen       total 21504K, used 5856K [0x0000000085800000, 0x0000000086d00000, 0x000000008aa00000)
  object space 21504K, 27% used [0x0000000085800000,0x0000000085db8318,0x0000000086d00000)
}
Event: 0,802 GC heap before
{Heap before GC invocations=6 (full 0):
 PSYoungGen      total 6656K, used 6608K [0x00000000d8e00000, 0x00000000d9e00000, 0x0000000100000000)
  eden space 6144K, 99% used [0x00000000d8e00000,0x00000000d93fa408,0x00000000d9400000)
  from space 512K, 95% used [0x00000000d9400000,0x00000000d9479f58,0x00000000d9480000)
  to   space 2048K, 0% used [0x00000000d9c00000,0x00000000d9c00000,0x00000000d9e00000)
 ParOldGen       total 5632K, used 3225K [0x000000008aa00000, 0x000000008af80000, 0x00000000d8e00000)
  object space 5632K, 57% used [0x000000008aa00000,0x000000008ad266f0,0x000000008af80000)
 PSPermGen       total 21504K, used 5856K [0x0000000085800000, 0x0000000086d00000, 0x000000008aa00000)
  object space 21504K, 27% used [0x0000000085800000,0x0000000085db8318,0x0000000086d00000)
Event: 0,803 GC heap after
Heap after GC invocations=6 (full 0):
 PSYoungGen      total 14336K, used 520K [0x00000000d8e00000, 0x00000000d9e00000, 0x0000000100000000)
  eden space 12288K, 0% used [0x00000000d8e00000,0x00000000d8e00000,0x00000000d9a00000)
  from space 2048K, 25% used [0x00000000d9c00000,0x00000000d9c82030,0x00000000d9e00000)
  to   space 2048K, 0% used [0x00000000d9a00000,0x00000000d9a00000,0x00000000d9c00000)
 ParOldGen       total 5632K, used 3225K [0x000000008aa00000, 0x000000008af80000, 0x00000000d8e00000)
  object space 5632K, 57% used [0x000000008aa00000,0x000000008ad266f0,0x000000008af80000)
 PSPermGen       total 21504K, used 5856K [0x0000000085800000, 0x0000000086d00000, 0x000000008aa00000)
  object space 21504K, 27% used [0x0000000085800000,0x0000000085db8318,0x0000000086d00000)
}
Event: 0,808 GC heap before
{Heap before GC invocations=7 (full 0):
 PSYoungGen      total 14336K, used 12789K [0x00000000d8e00000, 0x00000000d9e00000, 0x0000000100000000)
  eden space 12288K, 99% used [0x00000000d8e00000,0x00000000d99fb548,0x00000000d9a00000)
  from space 2048K, 25% used [0x00000000d9c00000,0x00000000d9c82030,0x00000000d9e00000)
  to   space 2048K, 0% used [0x00000000d9a00000,0x00000000d9a00000,0x00000000d9c00000)
 ParOldGen       total 5632K, used 3225K [0x000000008aa00000, 0x000000008af80000, 0x00000000d8e00000)
  object space 5632K, 57% used [0x000000008aa00000,0x000000008ad266f0,0x000000008af80000)
 PSPermGen       total 21504K, used 5856K [0x0000000085800000, 0x0000000086d00000, 0x000000008aa00000)
  object space 21504K, 27% used [0x0000000085800000,0x0000000085db8318,0x0000000086d00000)
Event: 0,810 GC heap after
Heap after GC invocations=7 (full 0):
 PSYoungGen      total 14336K, used 179K [0x00000000d8e00000, 0x00000000daa00000, 0x0000000100000000)
  eden space 12288K, 0% used [0x00000000d8e00000,0x00000000d8e00000,0x00000000d9a00000)
  from space 2048K, 8% used [0x00000000d9a00000,0x00000000d9a2cf48,0x00000000d9c00000)
  to   space 2048K, 0% used [0x00000000da800000,0x00000000da800000,0x00000000daa00000)
 ParOldGen       total 5632K, used 3593K [0x000000008aa00000, 0x000000008af80000, 0x00000000d8e00000)
  object space 5632K, 63% used [0x000000008aa00000,0x000000008ad826a8,0x000000008af80000)
 PSPermGen       total 21504K, used 5856K [0x0000000085800000, 0x0000000086d00000, 0x000000008aa00000)
  object space 21504K, 27% used [0x0000000085800000,0x0000000085db8318,0x0000000086d00000)
}
Event: 1,101 GC heap before
{Heap before GC invocations=8 (full 0):
 PSYoungGen      total 14336K, used 12457K [0x00000000d8e00000, 0x00000000daa00000, 0x0000000100000000)
  eden space 12288K, 99% used [0x00000000d8e00000,0x00000000d99fd5b0,0x00000000d9a00000)
  from space 2048K, 8% used [0x00000000d9a00000,0x00000000d9a2cf48,0x00000000d9c00000)
  to   space 2048K, 0% used [0x00000000da800000,0x00000000da800000,0x00000000daa00000)
 ParOldGen       total 5632K, used 3593K [0x000000008aa00000, 0x000000008af80000, 0x00000000d8e00000)
  object space 5632K, 63% used [0x000000008aa00000,0x000000008ad826a8,0x000000008af80000)
 PSPermGen       total 21504K, used 5977K [0x0000000085800000, 0x0000000086d00000, 0x000000008aa00000)
  object space 21504K, 27% used [0x0000000085800000,0x0000000085dd6750,0x0000000086d00000)
Event: 1,104 GC heap after
Heap after GC invocations=8 (full 0):
 PSYoungGen      total 26112K, used 1678K [0x00000000d8e00000, 0x00000000dab00000, 0x0000000100000000)
  eden space 24064K, 0% used [0x00000000d8e00000,0x00000000d8e00000,0x00000000da580000)
  from space 2048K, 81% used [0x00000000da800000,0x00000000da9a3810,0x00000000daa00000)
  to   space 2560K, 0% used [0x00000000da580000,0x00000000da580000,0x00000000da800000)
 ParOldGen       total 5632K, used 3693K [0x000000008aa00000, 0x000000008af80000, 0x00000000d8e00000)
  object space 5632K, 65% used [0x000000008aa00000,0x000000008ad9b408,0x000000008af80000)
 PSPermGen       total 21504K, used 5977K [0x0000000085800000, 0x0000000086d00000, 0x000000008aa00000)
  object space 21504K, 27% used [0x0000000085800000,0x0000000085dd6750,0x0000000086d00000)
}
Event: 2,813 GC heap before
{Heap before GC invocations=9 (full 0):
 PSYoungGen      total 26112K, used 25742K [0x00000000d8e00000, 0x00000000dab00000, 0x0000000100000000)
  eden space 24064K, 100% used [0x00000000d8e00000,0x00000000da580000,0x00000000da580000)
  from space 2048K, 81% used [0x00000000da800000,0x00000000da9a3810,0x00000000daa00000)
  to   space 2560K, 0% used [0x00000000da580000,0x00000000da580000,0x00000000da800000)
 ParOldGen       total 5632K, used 3693K [0x000000008aa00000, 0x000000008af80000, 0x00000000d8e00000)
  object space 5632K, 65% used [0x000000008aa00000,0x000000008ad9b408,0x000000008af80000)
 PSPermGen       total 21504K, used 6346K [0x0000000085800000, 0x0000000086d00000, 0x000000008aa00000)
  object space 21504K, 29% used [0x0000000085800000,0x0000000085e32b00,0x0000000086d00000)

