# JRE version: Java(TM) SE Runtime Environment (7.0_51-b13) (build 1.7.0_51-b13)
# Java VM: Java HotSpot(TM) 64-Bit Server VM (24.51-b03 mixed mode linux-amd64 compressed oops)
Heap
 PSYoungGen      total 27136K, used 2536K [0x00000000d8e00000, 0x00000000dab00000, 0x0000000100000000)
  eden space 24576K, 0% used [0x00000000d8e00000,0x00000000d8e00000,0x00000000da600000)
  from space 2560K, 99% used [0x00000000da600000,0x00000000da87a128,0x00000000da880000)
  to   space 2560K, 0% used [0x00000000da880000,0x00000000da880000,0x00000000dab00000)
 ParOldGen       total 12288K, used 12166K [0x000000008aa00000, 0x000000008b600000, 0x00000000d8e00000)
  object space 12288K, 99% used [0x000000008aa00000,0x000000008b5e1920,0x000000008b600000)
 PSPermGen       total 21504K, used 6352K [0x0000000085800000, 0x0000000086d00000, 0x000000008aa00000)
  object space 21504K, 29% used [0x0000000085800000,0x0000000085e341d0,0x0000000086d00000)
GC Heap History (10 events):
Event: 0,440 GC heap after
Heap after GC invocations=2 (full 0):
 PSYoungGen      total 6656K, used 503K [0x00000000d8e00000, 0x00000000d9500000, 0x0000000100000000)
  eden space 6144K, 0% used [0x00000000d8e00000,0x00000000d8e00000,0x00000000d9400000)
  from space 512K, 98% used [0x00000000d9480000,0x00000000d94fdf58,0x00000000d9500000)
  to   space 512K, 0% used [0x00000000d9400000,0x00000000d9400000,0x00000000d9480000)
 ParOldGen       total 5632K, used 488K [0x000000008aa00000, 0x000000008af80000, 0x00000000d8e00000)
  object space 5632K, 8% used [0x000000008aa00000,0x000000008aa7a020,0x000000008af80000)
 PSPermGen       total 21504K, used 4868K [0x0000000085800000, 0x0000000086d00000, 0x000000008aa00000)
  object space 21504K, 22% used [0x0000000085800000,0x0000000085cc1328,0x0000000086d00000)
}
Event: 0,713 GC heap before
{Heap before GC invocations=3 (full 0):
 PSYoungGen      total 6656K, used 6647K [0x00000000d8e00000, 0x00000000d9500000, 0x0000000100000000)
  eden space 6144K, 100% used [0x00000000d8e00000,0x00000000d9400000,0x00000000d9400000)
  from space 512K, 98% used [0x00000000d9480000,0x00000000d94fdf58,0x00000000d9500000)
  to   space 512K, 0% used [0x00000000d9400000,0x00000000d9400000,0x00000000d9480000)
 ParOldGen       total 5632K, used 488K [0x000000008aa00000, 0x000000008af80000, 0x00000000d8e00000)
  object space 5632K, 8% used [0x000000008aa00000,0x000000008aa7a020,0x000000008af80000)
 PSPermGen       total 21504K, used 5846K [0x0000000085800000, 0x0000000086d00000, 0x000000008aa00000)
  object space 21504K, 27% used [0x0000000085800000,0x0000000085db5b68,0x0000000086d00000)
Event: 0,726 GC heap after
Heap after GC invocations=3 (full 0):
 PSYoungGen      total 6656K, used 496K [0x00000000d8e00000, 0x00000000d9b00000, 0x0000000100000000)
  eden space 6144K, 0% used [0x00000000d8e00000,0x00000000d8e00000,0x00000000d9400000)
  from space 512K, 96% used [0x00000000d9400000,0x00000000d947c030,0x00000000d9480000)
  to   space 512K, 0% used [0x00000000d9a80000,0x00000000d9a80000,0x00000000d9b00000)
 ParOldGen       total 5632K, used 1548K [0x000000008aa00000, 0x000000008af80000, 0x00000000d8e00000)
  object space 5632K, 27% used [0x000000008aa00000,0x000000008ab83078,0x000000008af80000)
 PSPermGen       total 21504K, used 5846K [0x0000000085800000, 0x0000000086d00000, 0x000000008aa00000)
  object space 21504K, 27% used [0x0000000085800000,0x0000000085db5b68,0x0000000086d00000)
}
Event: 0,872 GC heap before
{Heap before GC invocations=4 (full 0):
 PSYoungGen      total 6656K, used 6629K [0x00000000d8e00000, 0x00000000d9b00000, 0x0000000100000000)
  eden space 6144K, 99% used [0x00000000d8e00000,0x00000000d93fd620,0x00000000d9400000)
  from space 512K, 96% used [0x00000000d9400000,0x00000000d947c030,0x00000000d9480000)
  to   space 512K, 0% used [0x00000000d9a80000,0x00000000d9a80000,0x00000000d9b00000)
 ParOldGen       total 5632K, used 1548K [0x000000008aa00000, 0x000000008af80000, 0x00000000d8e00000)
  object space 5632K, 27% used [0x000000008aa00000,0x000000008ab83078,0x000000008af80000)
 PSPermGen       total 21504K, used 5856K [0x0000000085800000, 0x0000000086d00000, 0x000000008aa00000)
  object space 21504K, 27% used [0x0000000085800000,0x0000000085db8338,0x0000000086d00000)
Event: 0,875 GC heap after
Heap after GC invocations=4 (full 0):
 PSYoungGen      total 12800K, used 496K [0x00000000d8e00000, 0x00000000d9b00000, 0x0000000100000000)
  eden space 12288K, 0% used [0x00000000d8e00000,0x00000000d8e00000,0x00000000d9a00000)
  from space 512K, 96% used [0x00000000d9a80000,0x00000000d9afc030,0x00000000d9b00000)
  to   space 512K, 0% used [0x00000000d9a00000,0x00000000d9a00000,0x00000000d9a80000)
 ParOldGen       total 5632K, used 3179K [0x000000008aa00000, 0x000000008af80000, 0x00000000d8e00000)
  object space 5632K, 56% used [0x000000008aa00000,0x000000008ad1aff0,0x000000008af80000)
 PSPermGen       total 21504K, used 5856K [0x0000000085800000, 0x0000000086d00000, 0x000000008aa00000)
  object space 21504K, 27% used [0x0000000085800000,0x0000000085db8338,0x0000000086d00000)
}
Event: 0,980 GC heap before
{Heap before GC invocations=5 (full 0):
 PSYoungGen      total 12800K, used 12742K [0x00000000d8e00000, 0x00000000d9b00000, 0x0000000100000000)
  eden space 12288K, 99% used [0x00000000d8e00000,0x00000000d99f58a0,0x00000000d9a00000)
  from space 512K, 96% used [0x00000000d9a80000,0x00000000d9afc030,0x00000000d9b00000)
  to   space 512K, 0% used [0x00000000d9a00000,0x00000000d9a00000,0x00000000d9a80000)
 ParOldGen       total 5632K, used 3179K [0x000000008aa00000, 0x000000008af80000, 0x00000000d8e00000)
  object space 5632K, 56% used [0x000000008aa00000,0x000000008ad1aff0,0x000000008af80000)
 PSPermGen       total 21504K, used 5856K [0x0000000085800000, 0x0000000086d00000, 0x000000008aa00000)
  object space 21504K, 27% used [0x0000000085800000,0x0000000085db8338,0x0000000086d00000)
Event: 0,996 GC heap after
Heap after GC invocations=5 (full 0):
 PSYoungGen      total 12800K, used 503K [0x00000000d8e00000, 0x00000000dab00000, 0x0000000100000000)
  eden space 12288K, 0% used [0x00000000d8e00000,0x00000000d8e00000,0x00000000d9a00000)
  from space 512K, 98% used [0x00000000d9a00000,0x00000000d9a7df58,0x00000000d9a80000)
  to   space 2560K, 0% used [0x00000000da880000,0x00000000da880000,0x00000000dab00000)
 ParOldGen       total 5632K, used 3247K [0x000000008aa00000, 0x000000008af80000, 0x00000000d8e00000)
  object space 5632K, 57% used [0x000000008aa00000,0x000000008ad2bc88,0x000000008af80000)
 PSPermGen       total 21504K, used 5856K [0x0000000085800000, 0x0000000086d00000, 0x000000008aa00000)
  object space 21504K, 27% used [0x0000000085800000,0x0000000085db8338,0x0000000086d00000)
}
Event: 1,058 GC heap before
{Heap before GC invocations=6 (full 0):
 PSYoungGen      total 12800K, used 12791K [0x00000000d8e00000, 0x00000000dab00000, 0x0000000100000000)
  eden space 12288K, 100% used [0x00000000d8e00000,0x00000000d9a00000,0x00000000d9a00000)
  from space 512K, 98% used [0x00000000d9a00000,0x00000000d9a7df58,0x00000000d9a80000)
  to   space 2560K, 0% used [0x00000000da880000,0x00000000da880000,0x00000000dab00000)
 ParOldGen       total 5632K, used 3247K [0x000000008aa00000, 0x000000008af80000, 0x00000000d8e00000)
  object space 5632K, 57% used [0x000000008aa00000,0x000000008ad2bc88,0x000000008af80000)
 PSPermGen       total 21504K, used 5856K [0x0000000085800000, 0x0000000086d00000, 0x000000008aa00000)
  object space 21504K, 27% used [0x0000000085800000,0x0000000085db8338,0x0000000086d00000)
Event: 1,071 GC heap after
Heap after GC invocations=6 (full 0):
 PSYoungGen      total 27136K, used 858K [0x00000000d8e00000, 0x00000000dab00000, 0x0000000100000000)
  eden space 24576K, 0% used [0x00000000d8e00000,0x00000000d8e00000,0x00000000da600000)
  from space 2560K, 33% used [0x00000000da880000,0x00000000da956870,0x00000000dab00000)
  to   space 2560K, 0% used [0x00000000da600000,0x00000000da600000,0x00000000da880000)
 ParOldGen       total 5632K, used 3247K [0x000000008aa00000, 0x000000008af80000, 0x00000000d8e00000)
  object space 5632K, 57% used [0x000000008aa00000,0x000000008ad2bc88,0x000000008af80000)
 PSPermGen       total 21504K, used 5856K [0x0000000085800000, 0x0000000086d00000, 0x000000008aa00000)
  object space 21504K, 27% used [0x0000000085800000,0x0000000085db8338,0x0000000086d00000)
}
Event: 6,909 GC heap before
{Heap before GC invocations=7 (full 0):
 PSYoungGen      total 27136K, used 25434K [0x00000000d8e00000, 0x00000000dab00000, 0x0000000100000000)
  eden space 24576K, 100% used [0x00000000d8e00000,0x00000000da600000,0x00000000da600000)
  from space 2560K, 33% used [0x00000000da880000,0x00000000da956870,0x00000000dab00000)
  to   space 2560K, 0% used [0x00000000da600000,0x00000000da600000,0x00000000da880000)
 ParOldGen       total 5632K, used 3247K [0x000000008aa00000, 0x000000008af80000, 0x00000000d8e00000)
  object space 5632K, 57% used [0x000000008aa00000,0x000000008ad2bc88,0x000000008af80000)
 PSPermGen       total 21504K, used 6352K [0x0000000085800000, 0x0000000086d00000, 0x000000008aa00000)
  object space 21504K, 29% used [0x0000000085800000,0x0000000085e341d0,0x0000000086d00000)

